Current Configuration: {'resume': '', 'use_sched': None, 'batch_size': 512, 'lr': 0.1, 'wd': 1e-05, 'epochs': 200}
Achieved New Best Acc: 0.3681527389044382
Epoch: 0, Train Acc: 0.3815979553283698,  Train Loss: 816.0292221705118
Epoch: 0, Val Acc: 0.3681527389044382,  Val Loss: 669.9999450683595, BEST ACC:0.3681527389044382
Achieved New Best Acc: 0.6310475809676129
Epoch: 1, Train Acc: 0.6050672296921881,  Train Loss: 60.51924429999457
Epoch: 1, Val Acc: 0.6310475809676129,  Val Loss: 32.75894231796264, BEST ACC:0.6310475809676129
Achieved New Best Acc: 0.6577369052379048
Epoch: 2, Train Acc: 0.586287365262807,  Train Loss: 10.788425392574736
Epoch: 2, Val Acc: 0.6577369052379048,  Val Loss: 8.725982499122619, BEST ACC:0.6577369052379048
Achieved New Best Acc: 0.6628348660535786
Epoch: 3, Train Acc: 0.6085120568952106,  Train Loss: 5.401149551073711
Epoch: 3, Val Acc: 0.6628348660535786,  Val Loss: 5.331425905227662, BEST ACC:0.6628348660535786
Achieved New Best Acc: 0.6795281887245102
Epoch: 4, Train Acc: 0.6227358595399489,  Train Loss: 3.775702105628119
Epoch: 4, Val Acc: 0.6795281887245102,  Val Loss: 4.255709385871887, BEST ACC:0.6795281887245102
Achieved New Best Acc: 0.6817273090763695
Epoch: 5, Train Acc: 0.6316257361929103,  Train Loss: 2.621339526441362
Epoch: 5, Val Acc: 0.6817273090763695,  Val Loss: 2.9563850641250617, BEST ACC:0.6817273090763695
Achieved New Best Acc: 0.6912235105957617
Epoch: 6, Train Acc: 0.6532948105345039,  Train Loss: 2.451869646708171
Epoch: 6, Val Acc: 0.6912235105957617,  Val Loss: 2.870275920629501, BEST ACC:0.6912235105957617
Achieved New Best Acc: 0.7140143942423031
Epoch: 7, Train Acc: 0.6718524280475608,  Train Loss: 1.9088548852337734
Epoch: 7, Val Acc: 0.7140143942423031,  Val Loss: 2.446420657634735, BEST ACC:0.7140143942423031
Achieved New Best Acc: 0.7248100759696121
Epoch: 8, Train Acc: 0.6948549838870985,  Train Loss: 1.8523255851533675
Epoch: 8, Val Acc: 0.7248100759696121,  Val Loss: 2.1957638978958127, BEST ACC:0.7248100759696121
Achieved New Best Acc: 0.7319072371051579
Epoch: 9, Train Acc: 0.6855206134014891,  Train Loss: 1.738610976272159
Epoch: 9, Val Acc: 0.7319072371051579,  Val Loss: 2.1169566452503203, BEST ACC:0.7319072371051579
Epoch: 10, Train Acc: 0.703967107456384,  Train Loss: 1.4026517967383068
Epoch: 10, Val Acc: 0.7300079968012795,  Val Loss: 1.9698795557022095, BEST ACC:0.7319072371051579
Achieved New Best Acc: 0.7352059176329468
Epoch: 11, Train Acc: 0.7041893543727081,  Train Loss: 1.5434971186849809
Epoch: 11, Val Acc: 0.7352059176329468,  Val Loss: 1.8100483179092406, BEST ACC:0.7352059176329468
Achieved New Best Acc: 0.7356057576969213
Epoch: 12, Train Acc: 0.6998555395043894,  Train Loss: 1.3656438191731775
Epoch: 12, Val Acc: 0.7356057576969213,  Val Loss: 1.9429655492305757, BEST ACC:0.7356057576969213
Achieved New Best Acc: 0.7472011195521792
Epoch: 13, Train Acc: 0.7145238359817757,  Train Loss: 1.40470372305976
Epoch: 13, Val Acc: 0.7472011195521792,  Val Loss: 1.6345876961946486, BEST ACC:0.7472011195521792
Achieved New Best Acc: 0.7483006797281088
Epoch: 14, Train Acc: 0.7138570952328036,  Train Loss: 1.4209529095225863
Epoch: 14, Val Acc: 0.7483006797281088,  Val Loss: 1.5678076833486556, BEST ACC:0.7483006797281088
Achieved New Best Acc: 0.7604958016793283
Epoch: 15, Train Acc: 0.7246360706745194,  Train Loss: 1.129220465819041
Epoch: 15, Val Acc: 0.7604958016793283,  Val Loss: 1.42311826646328, BEST ACC:0.7604958016793283
Achieved New Best Acc: 0.7647940823670532
Epoch: 16, Train Acc: 0.7355261695743972,  Train Loss: 1.0430578026506636
Epoch: 16, Val Acc: 0.7647940823670532,  Val Loss: 1.3727949291467665, BEST ACC:0.7647940823670532
Epoch: 17, Train Acc: 0.7316368485387266,  Train Loss: 1.2629022068447537
Epoch: 17, Val Acc: 0.7615953618552579,  Val Loss: 1.4039817690849308, BEST ACC:0.7647940823670532
Achieved New Best Acc: 0.7674930027988804
Epoch: 18, Train Acc: 0.7446382931436827,  Train Loss: 1.0147888130611844
Epoch: 18, Val Acc: 0.7674930027988804,  Val Loss: 1.312593051791191, BEST ACC:0.7674930027988804
Achieved New Best Acc: 0.7724910035985606
Epoch: 19, Train Acc: 0.7417490832314702,  Train Loss: 0.960645771688885
Epoch: 19, Val Acc: 0.7724910035985606,  Val Loss: 1.305992630124092, BEST ACC:0.7724910035985606
Achieved New Best Acc: 0.7775889644142343
Epoch: 20, Train Acc: 0.7368596510723414,  Train Loss: 1.019024087323083
Epoch: 20, Val Acc: 0.7775889644142343,  Val Loss: 1.2809262484312058, BEST ACC:0.7775889644142343
Epoch: 21, Train Acc: 0.7478608734303811,  Train Loss: 0.9071539276176029
Epoch: 21, Val Acc: 0.7741903238704518,  Val Loss: 1.20792678296566, BEST ACC:0.7775889644142343
Achieved New Best Acc: 0.7800879648140744
Epoch: 22, Train Acc: 0.7571952439159907,  Train Loss: 0.9299890100955964
Epoch: 22, Val Acc: 0.7800879648140744,  Val Loss: 1.1585010558366773, BEST ACC:0.7800879648140744
Achieved New Best Acc: 0.7805877648940424
Epoch: 23, Train Acc: 0.7613068118679853,  Train Loss: 0.8423552480008867
Epoch: 23, Val Acc: 0.7805877648940424,  Val Loss: 1.107369092106819, BEST ACC:0.7805877648940424
Achieved New Best Acc: 0.781187524990004
Epoch: 24, Train Acc: 0.759306589621069,  Train Loss: 0.8653262125121223
Epoch: 24, Val Acc: 0.781187524990004,  Val Loss: 1.0888518542051315, BEST ACC:0.781187524990004
Achieved New Best Acc: 0.7878848460615754
Epoch: 25, Train Acc: 0.7601955772863651,  Train Loss: 0.8439632455507915
Epoch: 25, Val Acc: 0.7878848460615754,  Val Loss: 1.047855195403099, BEST ACC:0.7878848460615754
Achieved New Best Acc: 0.7993802479008396
Epoch: 26, Train Acc: 0.771419046560729,  Train Loss: 0.811007966597875
Epoch: 26, Val Acc: 0.7993802479008396,  Val Loss: 1.0511799603700638, BEST ACC:0.7993802479008396
Epoch: 27, Train Acc: 0.7701966885209468,  Train Loss: 0.7985116541385648
Epoch: 27, Val Acc: 0.7880847660935626,  Val Loss: 1.0261051565408705, BEST ACC:0.7993802479008396
Epoch: 28, Train Acc: 0.7744193799311034,  Train Loss: 0.8277209434244368
Epoch: 28, Val Acc: 0.7862854858056777,  Val Loss: 0.9909386485815048, BEST ACC:0.7993802479008396
Epoch: 29, Train Acc: 0.7785309478830981,  Train Loss: 0.7566793461640676
Epoch: 29, Val Acc: 0.7936825269892043,  Val Loss: 0.930554649233818, BEST ACC:0.7993802479008396
Epoch: 30, Train Acc: 0.7767529725525059,  Train Loss: 0.7466697924666934
Epoch: 30, Val Acc: 0.7879848060775689,  Val Loss: 0.9359555840492247, BEST ACC:0.7993802479008396
Epoch: 31, Train Acc: 0.7814201577953106,  Train Loss: 0.7602264053291744
Epoch: 31, Val Acc: 0.78218712514994,  Val Loss: 0.9419659942388535, BEST ACC:0.7993802479008396
Epoch: 32, Train Acc: 0.7698633181464607,  Train Loss: 0.7668685548835329
Epoch: 32, Val Acc: 0.7925829668132747,  Val Loss: 0.9270390212535856, BEST ACC:0.7993802479008396
Epoch: 33, Train Acc: 0.7853094788309812,  Train Loss: 0.7565150029129454
Epoch: 33, Val Acc: 0.7909836065573771,  Val Loss: 0.9349220454692839, BEST ACC:0.7993802479008396
Achieved New Best Acc: 0.7995801679328268
Epoch: 34, Train Acc: 0.7858650961217913,  Train Loss: 0.6982287996345097
Epoch: 34, Val Acc: 0.7995801679328268,  Val Loss: 0.9015208154916764, BEST ACC:0.7995801679328268
Epoch: 35, Train Acc: 0.7807534170463385,  Train Loss: 0.7127716143925984
Epoch: 35, Val Acc: 0.791983206717313,  Val Loss: 0.8956565737724305, BEST ACC:0.7995801679328268
Achieved New Best Acc: 0.8000799680127949
Epoch: 36, Train Acc: 0.7787531947994222,  Train Loss: 0.7239993313948313
Epoch: 36, Val Acc: 0.8000799680127949,  Val Loss: 0.9260776937007904, BEST ACC:0.8000799680127949
Epoch: 37, Train Acc: 0.7731970218913212,  Train Loss: 0.7293155988057455
Epoch: 37, Val Acc: 0.7968812475009996,  Val Loss: 0.9028113484382629, BEST ACC:0.8000799680127949
Achieved New Best Acc: 0.8005797680927629
Epoch: 38, Train Acc: 0.7876430714523835,  Train Loss: 0.7225411534309387
Epoch: 38, Val Acc: 0.8005797680927629,  Val Loss: 0.8557066679000852, BEST ACC:0.8005797680927629
Epoch: 39, Train Acc: 0.7819757750861207,  Train Loss: 0.7263687120543585
Epoch: 39, Val Acc: 0.7998800479808077,  Val Loss: 0.8829110145568847, BEST ACC:0.8005797680927629
Achieved New Best Acc: 0.8019792083166734
Epoch: 40, Train Acc: 0.784309367707523,  Train Loss: 0.6758103337552812
Epoch: 40, Val Acc: 0.8019792083166734,  Val Loss: 0.8556613773107529, BEST ACC:0.8019792083166734
Epoch: 41, Train Acc: 0.7826425158350928,  Train Loss: 0.7018392284711201
Epoch: 41, Val Acc: 0.7857856857257097,  Val Loss: 0.8568575859069825, BEST ACC:0.8019792083166734
Epoch: 42, Train Acc: 0.7818646516279587,  Train Loss: 0.7022963927851782
Epoch: 42, Val Acc: 0.7939824070371851,  Val Loss: 0.8615500658750533, BEST ACC:0.8019792083166734
Epoch: 43, Train Acc: 0.7857539726636293,  Train Loss: 0.6942649020089043
Epoch: 43, Val Acc: 0.7909836065573771,  Val Loss: 0.8624581605196, BEST ACC:0.8019792083166734
Achieved New Best Acc: 0.8036785285885646
Epoch: 44, Train Acc: 0.7894210467829759,  Train Loss: 0.6684558126661512
Epoch: 44, Val Acc: 0.8036785285885646,  Val Loss: 0.8185840129852294, BEST ACC:0.8036785285885646
Epoch: 45, Train Acc: 0.7881986887431937,  Train Loss: 0.6943056285381316
Epoch: 45, Val Acc: 0.801079568172731,  Val Loss: 0.8308605402708052, BEST ACC:0.8036785285885646
Achieved New Best Acc: 0.8046781287485006
Epoch: 46, Train Acc: 0.7923102566951884,  Train Loss: 0.6555833319822946
Epoch: 46, Val Acc: 0.8046781287485006,  Val Loss: 0.8026332676410676, BEST ACC:0.8046781287485006
Epoch: 47, Train Acc: 0.7874208245360595,  Train Loss: 0.6954503489865198
Epoch: 47, Val Acc: 0.7856857257097161,  Val Loss: 0.8501028954982756, BEST ACC:0.8046781287485006
Achieved New Best Acc: 0.8068772491003599
Epoch: 48, Train Acc: 0.7916435159462163,  Train Loss: 0.6624894208378262
Epoch: 48, Val Acc: 0.8068772491003599,  Val Loss: 0.8028411388397216, BEST ACC:0.8068772491003599
Epoch: 49, Train Acc: 0.7948660962329148,  Train Loss: 0.6840188999970755
Epoch: 49, Val Acc: 0.8062774890043982,  Val Loss: 0.7708642363548278, BEST ACC:0.8068772491003599
Epoch: 50, Train Acc: 0.7988665407267475,  Train Loss: 0.6273010108206006
Epoch: 50, Val Acc: 0.8027788884446222,  Val Loss: 0.7989544719457627, BEST ACC:0.8068772491003599
Epoch: 51, Train Acc: 0.7890876764084899,  Train Loss: 0.651852723624971
Epoch: 51, Val Acc: 0.806077568972411,  Val Loss: 0.7813443630933761, BEST ACC:0.8068772491003599
Epoch: 52, Train Acc: 0.7827536392932548,  Train Loss: 0.6653148300117916
Epoch: 52, Val Acc: 0.8052778888444622,  Val Loss: 0.8022012919187547, BEST ACC:0.8068772491003599
Achieved New Best Acc: 0.8083766493402639
Epoch: 53, Train Acc: 0.7947549727747527,  Train Loss: 0.6532136698563893
Epoch: 53, Val Acc: 0.8083766493402639,  Val Loss: 0.7889030337333679, BEST ACC:0.8083766493402639
Epoch: 54, Train Acc: 0.7957550838982109,  Train Loss: 0.6400218274858263
Epoch: 54, Val Acc: 0.8002798880447821,  Val Loss: 0.8025036484003067, BEST ACC:0.8083766493402639
Achieved New Best Acc: 0.8122750899640144
Epoch: 55, Train Acc: 0.7868652072452494,  Train Loss: 0.6608220835526784
Epoch: 55, Val Acc: 0.8122750899640144,  Val Loss: 0.7700518026947976, BEST ACC:0.8122750899640144
Epoch: 56, Train Acc: 0.7979775530614512,  Train Loss: 0.6213312745094298
Epoch: 56, Val Acc: 0.797281087564974,  Val Loss: 0.8264223307371138, BEST ACC:0.8122750899640144
Epoch: 57, Train Acc: 0.7929769974441605,  Train Loss: 0.6304487917158337
Epoch: 57, Val Acc: 0.8089764094362255,  Val Loss: 0.7744170755147934, BEST ACC:0.8122750899640144
Epoch: 58, Train Acc: 0.796755195021669,  Train Loss: 0.6841404504246181
Epoch: 58, Val Acc: 0.8073770491803278,  Val Loss: 0.7973440378904343, BEST ACC:0.8122750899640144
Epoch: 59, Train Acc: 0.7973108123124791,  Train Loss: 0.6111917644739151
Epoch: 59, Val Acc: 0.8082766893242703,  Val Loss: 0.7847726523876191, BEST ACC:0.8122750899640144
Epoch: 60, Train Acc: 0.8002000222246917,  Train Loss: 0.6461992131339178
Epoch: 60, Val Acc: 0.8095761695321871,  Val Loss: 0.7574754536151885, BEST ACC:0.8122750899640144
Epoch: 61, Train Acc: 0.7958662073563729,  Train Loss: 0.6219300760163201
Epoch: 61, Val Acc: 0.8096761295481807,  Val Loss: 0.7474019914865493, BEST ACC:0.8122750899640144
Epoch: 62, Train Acc: 0.7949772196910768,  Train Loss: 0.6042848659886255
Epoch: 62, Val Acc: 0.7991803278688525,  Val Loss: 0.7772684127092361, BEST ACC:0.8122750899640144
Epoch: 63, Train Acc: 0.7956439604400489,  Train Loss: 0.6186958418952094
Epoch: 63, Val Acc: 0.8117752898840463,  Val Loss: 0.7721441626548767, BEST ACC:0.8122750899640144
Epoch: 64, Train Acc: 0.7974219357706411,  Train Loss: 0.6511847426493962
Epoch: 64, Val Acc: 0.8111755297880847,  Val Loss: 0.7506402134895326, BEST ACC:0.8122750899640144
Epoch: 65, Train Acc: 0.802533614846094,  Train Loss: 0.6100758347246382
Epoch: 65, Val Acc: 0.8078768492602959,  Val Loss: 0.7410174280405045, BEST ACC:0.8122750899640144
Epoch: 66, Train Acc: 0.7988665407267475,  Train Loss: 0.6112631360689801
Epoch: 66, Val Acc: 0.8089764094362255,  Val Loss: 0.7395358175039292, BEST ACC:0.8122750899640144
Achieved New Best Acc: 0.8128748500599761
Epoch: 67, Train Acc: 0.8044227136348483,  Train Loss: 0.6270455039209789
Epoch: 67, Val Acc: 0.8128748500599761,  Val Loss: 0.7237075611948968, BEST ACC:0.8128748500599761
Epoch: 68, Train Acc: 0.7953105900655628,  Train Loss: 0.6335316134823693
Epoch: 68, Val Acc: 0.8085765693722511,  Val Loss: 0.7151367321610451, BEST ACC:0.8128748500599761
Achieved New Best Acc: 0.8129748100759696
Epoch: 69, Train Acc: 0.8009778864318258,  Train Loss: 0.6002292864852481
Epoch: 69, Val Acc: 0.8129748100759696,  Val Loss: 0.7242527186870574, BEST ACC:0.8129748100759696
Achieved New Best Acc: 0.813874450219912
Epoch: 70, Train Acc: 0.8005333925991777,  Train Loss: 0.6148777935240004
Epoch: 70, Val Acc: 0.813874450219912,  Val Loss: 0.7125113025307656, BEST ACC:0.813874450219912
Epoch: 71, Train Acc: 0.7977553061451272,  Train Loss: 0.5972561058070923
Epoch: 71, Val Acc: 0.8089764094362255,  Val Loss: 0.7419026672840119, BEST ACC:0.813874450219912
Epoch: 72, Train Acc: 0.7996444049338816,  Train Loss: 0.6086445252100627
Epoch: 72, Val Acc: 0.8034786085565774,  Val Loss: 0.7222365483641624, BEST ACC:0.813874450219912
Achieved New Best Acc: 0.8173730507796881
Epoch: 73, Train Acc: 0.8030892321369041,  Train Loss: 0.5884197337759867
Epoch: 73, Val Acc: 0.8173730507796881,  Val Loss: 0.7020658433437347, BEST ACC:0.8173730507796881
Epoch: 74, Train Acc: 0.8045338370930103,  Train Loss: 0.5747740219036739
Epoch: 74, Val Acc: 0.813374650139944,  Val Loss: 0.70457347035408, BEST ACC:0.8173730507796881
Epoch: 75, Train Acc: 0.8046449605511724,  Train Loss: 0.6038894454638163
Epoch: 75, Val Acc: 0.8101759296281488,  Val Loss: 0.7139972522854805, BEST ACC:0.8173730507796881
Achieved New Best Acc: 0.8199720111955218
Epoch: 76, Train Acc: 0.8062006889654406,  Train Loss: 0.576585450106197
Epoch: 76, Val Acc: 0.8199720111955218,  Val Loss: 0.7147079616785049, BEST ACC:0.8199720111955218
Epoch: 77, Train Acc: 0.8063118124236026,  Train Loss: 0.5901584840483135
Epoch: 77, Val Acc: 0.8170731707317073,  Val Loss: 0.709662164747715, BEST ACC:0.8199720111955218
Epoch: 78, Train Acc: 0.8059784420491166,  Train Loss: 0.5926632682482401
Epoch: 78, Val Acc: 0.8182726909236305,  Val Loss: 0.7130079343914985, BEST ACC:0.8199720111955218
Epoch: 79, Train Acc: 0.8116457384153795,  Train Loss: 0.5756387445661758
Epoch: 79, Val Acc: 0.8169732107157137,  Val Loss: 0.7065106078982354, BEST ACC:0.8199720111955218
Epoch: 80, Train Acc: 0.8129792199133237,  Train Loss: 0.5623802410231696
Epoch: 80, Val Acc: 0.8130747700919632,  Val Loss: 0.7131871685385703, BEST ACC:0.8199720111955218
Epoch: 81, Train Acc: 0.8065340593399266,  Train Loss: 0.582750755879614
Epoch: 81, Val Acc: 0.8177728908436626,  Val Loss: 0.676529161632061, BEST ACC:0.8199720111955218
Epoch: 82, Train Acc: 0.8124236026225136,  Train Loss: 0.5861634545856053
Epoch: 82, Val Acc: 0.8159736105557777,  Val Loss: 0.6786960616707802, BEST ACC:0.8199720111955218
Epoch: 83, Train Acc: 0.8063118124236026,  Train Loss: 0.557067753540145
Epoch: 83, Val Acc: 0.8105757696921232,  Val Loss: 0.6924800634384155, BEST ACC:0.8199720111955218
Epoch: 84, Train Acc: 0.8119791087898656,  Train Loss: 0.5596827550066842
Epoch: 84, Val Acc: 0.8176729308276689,  Val Loss: 0.6883942067623139, BEST ACC:0.8199720111955218
Achieved New Best Acc: 0.8229708116753298
Epoch: 85, Train Acc: 0.8108678742082454,  Train Loss: 0.555454404817687
Epoch: 85, Val Acc: 0.8229708116753298,  Val Loss: 0.6645662263035773, BEST ACC:0.8229708116753298
Epoch: 86, Train Acc: 0.8070896766307367,  Train Loss: 0.5650208195050559
Epoch: 86, Val Acc: 0.8097760895641744,  Val Loss: 0.6864125117659569, BEST ACC:0.8229708116753298
Epoch: 87, Train Acc: 0.8039782198022002,  Train Loss: 0.563691712088055
Epoch: 87, Val Acc: 0.8214714114354258,  Val Loss: 0.6655866980552674, BEST ACC:0.8229708116753298
Epoch: 88, Train Acc: 0.8118679853317036,  Train Loss: 0.5504624297221501
Epoch: 88, Val Acc: 0.820171931227509,  Val Loss: 0.6716980397701264, BEST ACC:0.8229708116753298
Epoch: 89, Train Acc: 0.8110901211245694,  Train Loss: 0.5491450528303783
Epoch: 89, Val Acc: 0.8194722111155538,  Val Loss: 0.6514038726687431, BEST ACC:0.8229708116753298
Epoch: 90, Train Acc: 0.8115346149572175,  Train Loss: 0.5817165788677003
Epoch: 90, Val Acc: 0.8154738104758097,  Val Loss: 0.6822931364178658, BEST ACC:0.8229708116753298
Epoch: 91, Train Acc: 0.8077564173797088,  Train Loss: 0.5451977733108733
Epoch: 91, Val Acc: 0.8172730907636945,  Val Loss: 0.6839679419994352, BEST ACC:0.8229708116753298
Epoch: 92, Train Acc: 0.8130903433714857,  Train Loss: 0.5504868527253469
Epoch: 92, Val Acc: 0.8148740503798481,  Val Loss: 0.7003832817077638, BEST ACC:0.8229708116753298
Epoch: 93, Train Acc: 0.8115346149572175,  Train Loss: 0.555638732181655
Epoch: 93, Val Acc: 0.8217712914834067,  Val Loss: 0.668631362915039, BEST ACC:0.8229708116753298
Epoch: 94, Train Acc: 0.802422491387932,  Train Loss: 0.5611161738634108
Epoch: 94, Val Acc: 0.8198720511795282,  Val Loss: 0.6657517477869987, BEST ACC:0.8229708116753298
Epoch: 95, Train Acc: 0.8169796644071563,  Train Loss: 0.5604379524787269
Epoch: 95, Val Acc: 0.8120751699320272,  Val Loss: 0.695524102449417, BEST ACC:0.8229708116753298
Epoch: 96, Train Acc: 0.8062006889654406,  Train Loss: 0.5767330974340439
Epoch: 96, Val Acc: 0.8182726909236305,  Val Loss: 0.6731375962495803, BEST ACC:0.8229708116753298
Epoch: 97, Train Acc: 0.8133125902878098,  Train Loss: 0.5610470904244317
Epoch: 97, Val Acc: 0.8187724910035986,  Val Loss: 0.6918469786643983, BEST ACC:0.8229708116753298
Epoch: 98, Train Acc: 0.8068674297144127,  Train Loss: 0.5572723017798531
Epoch: 98, Val Acc: 0.8200719712115154,  Val Loss: 0.6684756860136987, BEST ACC:0.8229708116753298
Achieved New Best Acc: 0.8253698520591763
Epoch: 99, Train Acc: 0.8184242693632626,  Train Loss: 0.5166350818342632
Epoch: 99, Val Acc: 0.8253698520591763,  Val Loss: 0.638722014427185, BEST ACC:0.8253698520591763
Achieved New Best Acc: 0.8256697321071571
Epoch: 100, Train Acc: 0.814534948327592,  Train Loss: 0.5340450273619758
Epoch: 100, Val Acc: 0.8256697321071571,  Val Loss: 0.6405927285552024, BEST ACC:0.8256697321071571
Epoch: 101, Train Acc: 0.8168685409489943,  Train Loss: 0.556261862317721
Epoch: 101, Val Acc: 0.8241703318672531,  Val Loss: 0.666625526547432, BEST ACC:0.8256697321071571
Achieved New Best Acc: 0.8300679728108756
Epoch: 102, Train Acc: 0.8135348372041338,  Train Loss: 0.5331960966189702
Epoch: 102, Val Acc: 0.8300679728108756,  Val Loss: 0.6520189240574835, BEST ACC:0.8300679728108756
Epoch: 103, Train Acc: 0.8203133681520169,  Train Loss: 0.5248485803604126
Epoch: 103, Val Acc: 0.820171931227509,  Val Loss: 0.6985148429870605, BEST ACC:0.8300679728108756
Epoch: 104, Train Acc: 0.8169796644071563,  Train Loss: 0.5221287144554987
Epoch: 104, Val Acc: 0.8288684526189524,  Val Loss: 0.6529241368174554, BEST ACC:0.8300679728108756
Achieved New Best Acc: 0.8312674930027989
Epoch: 105, Train Acc: 0.8192021335703967,  Train Loss: 0.5382581535312864
Epoch: 105, Val Acc: 0.8312674930027989,  Val Loss: 0.6325661599636078, BEST ACC:0.8312674930027989
Epoch: 106, Train Acc: 0.8205356150683409,  Train Loss: 0.5239138470755683
Epoch: 106, Val Acc: 0.8299680127948821,  Val Loss: 0.6336180284619332, BEST ACC:0.8312674930027989
Achieved New Best Acc: 0.8327668932427029
Epoch: 107, Train Acc: 0.8186465162795866,  Train Loss: 0.5280243472920524
Epoch: 107, Val Acc: 0.8327668932427029,  Val Loss: 0.6185629785060882, BEST ACC:0.8327668932427029
Epoch: 108, Train Acc: 0.8240915657295255,  Train Loss: 0.5070800499783622
Epoch: 108, Val Acc: 0.830967612954818,  Val Loss: 0.6335350707173348, BEST ACC:0.8327668932427029
Epoch: 109, Train Acc: 0.821535726191799,  Train Loss: 0.5185489174392488
Epoch: 109, Val Acc: 0.8280687724910036,  Val Loss: 0.6618753463029862, BEST ACC:0.8327668932427029
Achieved New Best Acc: 0.8345661735305878
Epoch: 110, Train Acc: 0.8228692076897433,  Train Loss: 0.5170878883865143
Epoch: 110, Val Acc: 0.8345661735305878,  Val Loss: 0.6458102285861969, BEST ACC:0.8345661735305878
Epoch: 111, Train Acc: 0.8258695410601178,  Train Loss: 0.5215797921021779
Epoch: 111, Val Acc: 0.8315673730507797,  Val Loss: 0.6249307081103326, BEST ACC:0.8345661735305878
Epoch: 112, Train Acc: 0.821202355817313,  Train Loss: 0.5252141422695584
Epoch: 112, Val Acc: 0.8276689324270292,  Val Loss: 0.6372554913163185, BEST ACC:0.8345661735305878
Achieved New Best Acc: 0.8347660935625749
Epoch: 113, Train Acc: 0.8282031336815202,  Train Loss: 0.5275871720578935
Epoch: 113, Val Acc: 0.8347660935625749,  Val Loss: 0.608493709564209, BEST ACC:0.8347660935625749
Epoch: 114, Train Acc: 0.8208689854428269,  Train Loss: 0.5022022061877781
Epoch: 114, Val Acc: 0.8340663734506197,  Val Loss: 0.6178174063563348, BEST ACC:0.8347660935625749
Epoch: 115, Train Acc: 0.8154239359928881,  Train Loss: 0.5690705610646142
Epoch: 115, Val Acc: 0.8288684526189524,  Val Loss: 0.6529227122664452, BEST ACC:0.8347660935625749
Epoch: 116, Train Acc: 0.8206467385265029,  Train Loss: 0.5121993687417772
Epoch: 116, Val Acc: 0.8281687325069972,  Val Loss: 0.6367272153496744, BEST ACC:0.8347660935625749
Epoch: 117, Train Acc: 0.8257584176019558,  Train Loss: 0.48936707112524247
Epoch: 117, Val Acc: 0.8334666133546581,  Val Loss: 0.622331404685974, BEST ACC:0.8347660935625749
Epoch: 118, Train Acc: 0.8276475163907101,  Train Loss: 0.49189093543423545
Epoch: 118, Val Acc: 0.8295681727309077,  Val Loss: 0.6218108221888542, BEST ACC:0.8347660935625749
Achieved New Best Acc: 0.8353658536585366
Epoch: 119, Train Acc: 0.8297588620957884,  Train Loss: 0.5020668125814861
Epoch: 119, Val Acc: 0.8353658536585366,  Val Loss: 0.6083463907241822, BEST ACC:0.8353658536585366
Achieved New Best Acc: 0.8394642143142743
Epoch: 120, Train Acc: 0.8275363929325481,  Train Loss: 0.49809907211197746
Epoch: 120, Val Acc: 0.8394642143142743,  Val Loss: 0.621803629398346, BEST ACC:0.8394642143142743
Epoch: 121, Train Acc: 0.8279808867651961,  Train Loss: 0.5010423759619395
Epoch: 121, Val Acc: 0.8320671731307477,  Val Loss: 0.6387211933732032, BEST ACC:0.8394642143142743
Epoch: 122, Train Acc: 0.8244249361040116,  Train Loss: 0.5124935226307974
Epoch: 122, Val Acc: 0.8307676929228308,  Val Loss: 0.6188292607665062, BEST ACC:0.8394642143142743
Achieved New Best Acc: 0.8396641343462615
Epoch: 123, Train Acc: 0.8198688743193688,  Train Loss: 0.5278153816858927
Epoch: 123, Val Acc: 0.8396641343462615,  Val Loss: 0.6210545971989633, BEST ACC:0.8396641343462615
Epoch: 124, Train Acc: 0.8260917879764418,  Train Loss: 0.5200968186060588
Epoch: 124, Val Acc: 0.8346661335465814,  Val Loss: 0.6172180876135825, BEST ACC:0.8396641343462615
Achieved New Best Acc: 0.8404638144742104
Epoch: 125, Train Acc: 0.8244249361040116,  Train Loss: 0.5367802265617583
Epoch: 125, Val Acc: 0.8404638144742104,  Val Loss: 0.6205132305622102, BEST ACC:0.8404638144742104
Epoch: 126, Train Acc: 0.8254250472274697,  Train Loss: 0.5793560014830695
Epoch: 126, Val Acc: 0.8334666133546581,  Val Loss: 0.6171758785843849, BEST ACC:0.8404638144742104
Achieved New Best Acc: 0.8409636145541783
Epoch: 127, Train Acc: 0.8196466274030448,  Train Loss: 0.5099615504344305
Epoch: 127, Val Acc: 0.8409636145541783,  Val Loss: 0.6047337785363197, BEST ACC:0.8409636145541783
Epoch: 128, Train Acc: 0.8229803311479054,  Train Loss: 0.5668205502960418
Epoch: 128, Val Acc: 0.8346661335465814,  Val Loss: 0.6106099292635918, BEST ACC:0.8409636145541783
Epoch: 129, Train Acc: 0.8308700966774086,  Train Loss: 0.49004414180914563
Epoch: 129, Val Acc: 0.8396641343462615,  Val Loss: 0.6037382408976555, BEST ACC:0.8409636145541783
Epoch: 130, Train Acc: 0.8284253805978442,  Train Loss: 0.5082995080285603
Epoch: 130, Val Acc: 0.8354658136745302,  Val Loss: 0.5967837303876877, BEST ACC:0.8409636145541783
Epoch: 131, Train Acc: 0.8288698744304923,  Train Loss: 0.48577826387352413
Epoch: 131, Val Acc: 0.8331667333066773,  Val Loss: 0.6062759652733803, BEST ACC:0.8409636145541783
Epoch: 132, Train Acc: 0.8287587509723302,  Train Loss: 0.48417714072598356
Epoch: 132, Val Acc: 0.8386645341863255,  Val Loss: 0.6067312821745873, BEST ACC:0.8409636145541783
Epoch: 133, Train Acc: 0.8283142571396822,  Train Loss: 0.49299067589971757
Epoch: 133, Val Acc: 0.8253698520591763,  Val Loss: 0.6292549446225165, BEST ACC:0.8409636145541783
Epoch: 134, Train Acc: 0.8239804422713635,  Train Loss: 0.5014994508690304
Epoch: 134, Val Acc: 0.8388644542183127,  Val Loss: 0.5847058385610581, BEST ACC:0.8409636145541783
Epoch: 135, Train Acc: 0.8278697633070341,  Train Loss: 0.49860062864091664
Epoch: 135, Val Acc: 0.836765293882447,  Val Loss: 0.5831623286008835, BEST ACC:0.8409636145541783
Epoch: 136, Train Acc: 0.8313145905100566,  Train Loss: 0.48096943563885164
Epoch: 136, Val Acc: 0.8404638144742104,  Val Loss: 0.5777162536978722, BEST ACC:0.8409636145541783
Epoch: 137, Train Acc: 0.8319813312590287,  Train Loss: 0.4925584213601219
Epoch: 137, Val Acc: 0.8394642143142743,  Val Loss: 0.5853674471378325, BEST ACC:0.8409636145541783
Epoch: 138, Train Acc: 0.8320924547171908,  Train Loss: 0.4779903921816084
Epoch: 138, Val Acc: 0.8389644142343062,  Val Loss: 0.5838279962539673, BEST ACC:0.8409636145541783
Epoch: 139, Train Acc: 0.8290921213468163,  Train Loss: 0.49818748070134056
Epoch: 139, Val Acc: 0.8406637345061975,  Val Loss: 0.5908228278160096, BEST ACC:0.8409636145541783
Epoch: 140, Train Acc: 0.833537059673297,  Train Loss: 0.4811771578258939
Epoch: 140, Val Acc: 0.8343662534986006,  Val Loss: 0.5924592658877372, BEST ACC:0.8409636145541783
Epoch: 141, Train Acc: 0.826869652183576,  Train Loss: 0.48888135949770617
Epoch: 141, Val Acc: 0.8379648140743703,  Val Loss: 0.5771028280258178, BEST ACC:0.8409636145541783
Epoch: 142, Train Acc: 0.8359817757528615,  Train Loss: 0.4870355476935705
Epoch: 142, Val Acc: 0.8384646141543383,  Val Loss: 0.5815592259168624, BEST ACC:0.8409636145541783
Epoch: 143, Train Acc: 0.8289809978886543,  Train Loss: 0.5034989217917124
Epoch: 143, Val Acc: 0.8339664134346262,  Val Loss: 0.6005248785018922, BEST ACC:0.8409636145541783
Epoch: 144, Train Acc: 0.833759306589621,  Train Loss: 0.47729318671756316
Epoch: 144, Val Acc: 0.8378648540583766,  Val Loss: 0.589937336742878, BEST ACC:0.8409636145541783
Epoch: 145, Train Acc: 0.8374263807089677,  Train Loss: 0.4802156421873305
Epoch: 145, Val Acc: 0.8341663334666134,  Val Loss: 0.6053524315357209, BEST ACC:0.8409636145541783
Epoch: 146, Train Acc: 0.8312034670518946,  Train Loss: 0.504486267765363
Epoch: 146, Val Acc: 0.8356657337065174,  Val Loss: 0.5866020560264588, BEST ACC:0.8409636145541783
Epoch: 147, Train Acc: 0.8277586398488721,  Train Loss: 0.4942767239279218
Epoch: 147, Val Acc: 0.8405637744902039,  Val Loss: 0.583393684029579, BEST ACC:0.8409636145541783
Achieved New Best Acc: 0.8414634146341463
Epoch: 148, Train Acc: 0.8320924547171908,  Train Loss: 0.49945190383328325
Epoch: 148, Val Acc: 0.8414634146341463,  Val Loss: 0.5652149632573129, BEST ACC:0.8414634146341463
Achieved New Best Acc: 0.8439624150339864
Epoch: 149, Train Acc: 0.8277586398488721,  Train Loss: 0.5020770629247029
Epoch: 149, Val Acc: 0.8439624150339864,  Val Loss: 0.5546032994985581, BEST ACC:0.8439624150339864
Epoch: 150, Train Acc: 0.8357595288365374,  Train Loss: 0.5711826549635993
Epoch: 150, Val Acc: 0.8398640543782487,  Val Loss: 0.5774488478899003, BEST ACC:0.8439624150339864
Epoch: 151, Train Acc: 0.8347594177130793,  Train Loss: 0.5000052915679084
Epoch: 151, Val Acc: 0.8402638944422232,  Val Loss: 0.5680102780461311, BEST ACC:0.8439624150339864
Epoch: 152, Train Acc: 0.8379819979997778,  Train Loss: 0.4744243174791337
Epoch: 152, Val Acc: 0.8424630147940824,  Val Loss: 0.570123913884163, BEST ACC:0.8439624150339864
Achieved New Best Acc: 0.8452618952419032
Epoch: 153, Train Acc: 0.833648183131459,  Train Loss: 0.5524186442295709
Epoch: 153, Val Acc: 0.8452618952419032,  Val Loss: 0.5708346605300902, BEST ACC:0.8452618952419032
Epoch: 154, Train Acc: 0.8342038004222692,  Train Loss: 0.49019445810053086
Epoch: 154, Val Acc: 0.8442622950819673,  Val Loss: 0.5813165441155435, BEST ACC:0.8452618952419032
Epoch: 155, Train Acc: 0.8310923435937326,  Train Loss: 0.4835796770122316
Epoch: 155, Val Acc: 0.8427628948420631,  Val Loss: 0.5840459421277047, BEST ACC:0.8452618952419032
Epoch: 156, Train Acc: 0.8369818868763196,  Train Loss: 0.4790163785219193
Epoch: 156, Val Acc: 0.8444622151139545,  Val Loss: 0.5862696722149848, BEST ACC:0.8452618952419032
Epoch: 157, Train Acc: 0.8324258250916768,  Train Loss: 0.47848762902948594
Epoch: 157, Val Acc: 0.8427628948420631,  Val Loss: 0.5828549534082412, BEST ACC:0.8452618952419032
Epoch: 158, Train Acc: 0.8369818868763196,  Train Loss: 0.47311297059059143
Epoch: 158, Val Acc: 0.8403638544582167,  Val Loss: 0.5629656299948693, BEST ACC:0.8452618952419032
Epoch: 159, Train Acc: 0.833759306589621,  Train Loss: 0.4686220122708215
Epoch: 159, Val Acc: 0.843062774890044,  Val Loss: 0.5639298602938652, BEST ACC:0.8452618952419032
Epoch: 160, Train Acc: 0.8366485165018336,  Train Loss: 0.4697416855229272
Epoch: 160, Val Acc: 0.8408636545381847,  Val Loss: 0.57870265096426, BEST ACC:0.8452618952419032
Epoch: 161, Train Acc: 0.8359817757528615,  Train Loss: 0.46810785929361987
Epoch: 161, Val Acc: 0.8394642143142743,  Val Loss: 0.5711671650409698, BEST ACC:0.8452618952419032
Epoch: 162, Train Acc: 0.8288698744304923,  Train Loss: 0.492990278535419
Epoch: 162, Val Acc: 0.8373650539784087,  Val Loss: 0.5855612918734551, BEST ACC:0.8452618952419032
Epoch: 163, Train Acc: 0.8294254917213024,  Train Loss: 0.5827220330635707
Epoch: 163, Val Acc: 0.8384646141543383,  Val Loss: 0.604982291162014, BEST ACC:0.8452618952419032
Epoch: 164, Train Acc: 0.8282031336815202,  Train Loss: 0.48064811693297493
Epoch: 164, Val Acc: 0.8402638944422232,  Val Loss: 0.5913301110267639, BEST ACC:0.8452618952419032
Epoch: 165, Train Acc: 0.8314257139682187,  Train Loss: 0.4656622691286935
Epoch: 165, Val Acc: 0.8421631347461016,  Val Loss: 0.6018301278352738, BEST ACC:0.8452618952419032
Epoch: 166, Train Acc: 0.833203689298811,  Train Loss: 0.47736501528157116
Epoch: 166, Val Acc: 0.838764494202319,  Val Loss: 0.5963790699839592, BEST ACC:0.8452618952419032
Achieved New Best Acc: 0.8458616553378648
Epoch: 167, Train Acc: 0.8295366151794644,  Train Loss: 0.4786933594279819
Epoch: 167, Val Acc: 0.8458616553378648,  Val Loss: 0.5789054304361344, BEST ACC:0.8458616553378648
Epoch: 168, Train Acc: 0.8364262695855095,  Train Loss: 0.4665145426988602
Epoch: 168, Val Acc: 0.8442622950819673,  Val Loss: 0.5590589016675949, BEST ACC:0.8458616553378648
Epoch: 169, Train Acc: 0.8319813312590287,  Train Loss: 0.47392747799555457
Epoch: 169, Val Acc: 0.8423630547780888,  Val Loss: 0.572138524055481, BEST ACC:0.8458616553378648
Achieved New Best Acc: 0.8459616153538585
Epoch: 170, Train Acc: 0.8409823313701522,  Train Loss: 0.46477561195691425
Epoch: 170, Val Acc: 0.8459616153538585,  Val Loss: 0.560112564265728, BEST ACC:0.8459616153538585
Epoch: 171, Train Acc: 0.8386487387487499,  Train Loss: 0.45999428133169806
Epoch: 171, Val Acc: 0.8425629748100759,  Val Loss: 0.5579285725951195, BEST ACC:0.8459616153538585
Epoch: 172, Train Acc: 0.839315479497722,  Train Loss: 0.45528613196478945
Epoch: 172, Val Acc: 0.8455617752898841,  Val Loss: 0.5516301989555359, BEST ACC:0.8459616153538585
Achieved New Best Acc: 0.8463614554178329
Epoch: 173, Train Acc: 0.8380931214579398,  Train Loss: 0.4704531646437115
Epoch: 173, Val Acc: 0.8463614554178329,  Val Loss: 0.5443633049726486, BEST ACC:0.8463614554178329
Epoch: 174, Train Acc: 0.833870430047783,  Train Loss: 0.48113853732744843
Epoch: 174, Val Acc: 0.8397640943622551,  Val Loss: 0.5520353376865388, BEST ACC:0.8463614554178329
Epoch: 175, Train Acc: 0.832870318924325,  Train Loss: 0.47113363279236686
Epoch: 175, Val Acc: 0.8409636145541783,  Val Loss: 0.5384295657277107, BEST ACC:0.8463614554178329
Achieved New Best Acc: 0.8479608156737305
Epoch: 176, Train Acc: 0.8386487387487499,  Train Loss: 0.4600125170416302
Epoch: 176, Val Acc: 0.8479608156737305,  Val Loss: 0.5456461161375046, BEST ACC:0.8479608156737305
Epoch: 177, Train Acc: 0.8402044671630181,  Train Loss: 0.4510769430134032
Epoch: 177, Val Acc: 0.8477608956417433,  Val Loss: 0.5523564219474792, BEST ACC:0.8479608156737305
Epoch: 178, Train Acc: 0.8356484053783754,  Train Loss: 0.47162669069237173
Epoch: 178, Val Acc: 0.8453618552578969,  Val Loss: 0.5446009889245033, BEST ACC:0.8479608156737305
Epoch: 179, Train Acc: 0.8386487387487499,  Train Loss: 0.44485250280963057
Epoch: 179, Val Acc: 0.8437624950019992,  Val Loss: 0.5481246247887611, BEST ACC:0.8479608156737305
Epoch: 180, Train Acc: 0.8375375041671297,  Train Loss: 0.4620554645856221
Epoch: 180, Val Acc: 0.847860855657737,  Val Loss: 0.5403869733214378, BEST ACC:0.8479608156737305
Epoch: 181, Train Acc: 0.8427603067007445,  Train Loss: 0.4586879197094176
Epoch: 181, Val Acc: 0.8456617353058776,  Val Loss: 0.555445671081543, BEST ACC:0.8479608156737305
Epoch: 182, Train Acc: 0.83920435603956,  Train Loss: 0.45391463239987684
Epoch: 182, Val Acc: 0.8433626549380248,  Val Loss: 0.5489447921514512, BEST ACC:0.8479608156737305
Epoch: 183, Train Acc: 0.8367596399599956,  Train Loss: 0.46995801561408573
Epoch: 183, Val Acc: 0.8444622151139545,  Val Loss: 0.5491791814565659, BEST ACC:0.8479608156737305
Epoch: 184, Train Acc: 0.8387598622069119,  Train Loss: 0.44638923969533706
Epoch: 184, Val Acc: 0.8471611355457817,  Val Loss: 0.5366514265537262, BEST ACC:0.8479608156737305
Epoch: 185, Train Acc: 0.8407600844538282,  Train Loss: 0.45530898206763804
Epoch: 185, Val Acc: 0.8393642542982807,  Val Loss: 0.5424924448132514, BEST ACC:0.8479608156737305
Epoch: 186, Train Acc: 0.8419824424936104,  Train Loss: 0.45587257047494256
Epoch: 186, Val Acc: 0.8455617752898841,  Val Loss: 0.5434948325157166, BEST ACC:0.8479608156737305
Achieved New Best Acc: 0.8490603758496601
Epoch: 187, Train Acc: 0.8379819979997778,  Train Loss: 0.4484927339686288
Epoch: 187, Val Acc: 0.8490603758496601,  Val Loss: 0.5380358412861824, BEST ACC:0.8490603758496601
Epoch: 188, Train Acc: 0.8418713190354484,  Train Loss: 0.4479859206411574
Epoch: 188, Val Acc: 0.844562175129948,  Val Loss: 0.5348886758089068, BEST ACC:0.8490603758496601
Epoch: 189, Train Acc: 0.8432048005333926,  Train Loss: 0.4446406314770381
Epoch: 189, Val Acc: 0.8446621351459416,  Val Loss: 0.5555466800928116, BEST ACC:0.8490603758496601
Epoch: 190, Train Acc: 0.8403155906211801,  Train Loss: 0.45377537773715126
Epoch: 190, Val Acc: 0.847860855657737,  Val Loss: 0.527052979171276, BEST ACC:0.8490603758496601
Achieved New Best Acc: 0.8492602958816473
Epoch: 191, Train Acc: 0.8434270474497166,  Train Loss: 0.4343575918012194
Epoch: 191, Val Acc: 0.8492602958816473,  Val Loss: 0.533106379210949, BEST ACC:0.8492602958816473
Epoch: 192, Train Acc: 0.8479831092343594,  Train Loss: 0.4480793774127961
Epoch: 192, Val Acc: 0.8474610155937625,  Val Loss: 0.5374876275658608, BEST ACC:0.8492602958816473
Epoch: 193, Train Acc: 0.8403155906211801,  Train Loss: 0.45936925874816037
Epoch: 193, Val Acc: 0.8452618952419032,  Val Loss: 0.5399844110012054, BEST ACC:0.8492602958816473
Epoch: 194, Train Acc: 0.8419824424936104,  Train Loss: 0.44479492306709295
Epoch: 194, Val Acc: 0.8474610155937625,  Val Loss: 0.5392487436532974, BEST ACC:0.8492602958816473
Epoch: 195, Train Acc: 0.8400933437048561,  Train Loss: 0.4467506243122949
Epoch: 195, Val Acc: 0.8392642942822871,  Val Loss: 0.5518600821495055, BEST ACC:0.8492602958816473
Epoch: 196, Train Acc: 0.8412045782864763,  Train Loss: 0.4351982457770241
Epoch: 196, Val Acc: 0.8479608156737305,  Val Loss: 0.5469497293233871, BEST ACC:0.8492602958816473
Epoch: 197, Train Acc: 0.8437604178242026,  Train Loss: 0.44875700937377083
Epoch: 197, Val Acc: 0.8410635745701719,  Val Loss: 0.5632131978869438, BEST ACC:0.8492602958816473
Epoch: 198, Train Acc: 0.833648183131459,  Train Loss: 0.4652799003654057
Epoch: 198, Val Acc: 0.8474610155937625,  Val Loss: 0.5576559379696846, BEST ACC:0.8492602958816473
Achieved New Best Acc: 0.8495601759296282
Epoch: 199, Train Acc: 0.83975997333037,  Train Loss: 0.4595016058948306
Epoch: 199, Val Acc: 0.8495601759296282,  Val Loss: 0.5651239290833473, BEST ACC:0.8495601759296282
Test Accuracy: 0.7818941504178273, Test Loss:2.453302939732869
