Current Configuration: {'resume': '', 'sched_type': None, 'batch_size': 512, 'lr': 0.05, 'wd': 0.0001, 'epochs': 200}
Achieved New Best Acc: 0.37744902039184325
Epoch: 0, Train Acc: 0.3234803867096344,  Train Loss: 1.938817573918237
Epoch: 0, Val Acc: 0.37744902039184325,  Val Loss: 1.7427454650402068, BEST ACC:0.37744902039184325
Achieved New Best Acc: 0.38124750099960014
Epoch: 1, Train Acc: 0.4432714746082898,  Train Loss: 1.3365876078605654
Epoch: 1, Val Acc: 0.38124750099960014,  Val Loss: 1.8299845039844511, BEST ACC:0.38124750099960014
Achieved New Best Acc: 0.3837465013994402
Epoch: 2, Train Acc: 0.5277253028114235,  Train Loss: 1.1190596090422735
Epoch: 2, Val Acc: 0.3837465013994402,  Val Loss: 2.024560230970383, BEST ACC:0.3837465013994402
Epoch: 3, Train Acc: 0.5541726858539838,  Train Loss: 1.0685677693949807
Epoch: 3, Val Acc: 0.3157736905237905,  Val Loss: 2.008209419250488, BEST ACC:0.3837465013994402
Achieved New Best Acc: 0.5841663334666134
Epoch: 4, Train Acc: 0.6528503167018558,  Train Loss: 0.8653402030467988
Epoch: 4, Val Acc: 0.5841663334666134,  Val Loss: 1.0382610499858858, BEST ACC:0.5841663334666134
Epoch: 5, Train Acc: 0.6925213912656962,  Train Loss: 0.7826100289821624
Epoch: 5, Val Acc: 0.5829668132746901,  Val Loss: 1.0152816772460938, BEST ACC:0.5841663334666134
Achieved New Best Acc: 0.7009196321471411
Epoch: 6, Train Acc: 0.7029669963329259,  Train Loss: 0.7440053588814205
Epoch: 6, Val Acc: 0.7009196321471411,  Val Loss: 0.7983292013406753, BEST ACC:0.7009196321471411
Epoch: 7, Train Acc: 0.7248583175908434,  Train Loss: 0.7100271119011773
Epoch: 7, Val Acc: 0.565373850459816,  Val Loss: 1.583568584918976, BEST ACC:0.7009196321471411
Achieved New Best Acc: 0.7222111155537785
Epoch: 8, Train Acc: 0.7494166018446494,  Train Loss: 0.6728621886836157
Epoch: 8, Val Acc: 0.7222111155537785,  Val Loss: 0.7643157005310057, BEST ACC:0.7222111155537785
Achieved New Best Acc: 0.7677928828468612
Epoch: 9, Train Acc: 0.7884209356595178,  Train Loss: 0.6055546700954437
Epoch: 9, Val Acc: 0.7677928828468612,  Val Loss: 0.6245468586683273, BEST ACC:0.7677928828468612
Epoch: 10, Train Acc: 0.8074230470052228,  Train Loss: 0.5451262013779746
Epoch: 10, Val Acc: 0.7424030387844862,  Val Loss: 0.6990261316299436, BEST ACC:0.7677928828468612
Epoch: 11, Train Acc: 0.8185353928214246,  Train Loss: 0.5103172063827515
Epoch: 11, Val Acc: 0.7132147141143542,  Val Loss: 0.8701115965843199, BEST ACC:0.7677928828468612
Achieved New Best Acc: 0.7805877648940424
Epoch: 12, Train Acc: 0.8226469607734193,  Train Loss: 0.4883421891265445
Epoch: 12, Val Acc: 0.7805877648940424,  Val Loss: 0.6361683785915375, BEST ACC:0.7805877648940424
Epoch: 13, Train Acc: 0.833425936215135,  Train Loss: 0.46598445541328853
Epoch: 13, Val Acc: 0.7521991203518592,  Val Loss: 0.6613655298948288, BEST ACC:0.7805877648940424
Epoch: 14, Train Acc: 0.8382042449161018,  Train Loss: 0.4534949560960134
Epoch: 14, Val Acc: 0.6962215113954419,  Val Loss: 0.8828545123338699, BEST ACC:0.7805877648940424
Epoch: 15, Train Acc: 0.8426491832425825,  Train Loss: 0.43189142478836906
Epoch: 15, Val Acc: 0.7221111555377849,  Val Loss: 0.8238326519727707, BEST ACC:0.7805877648940424
Achieved New Best Acc: 0.7956817273090764
Epoch: 16, Train Acc: 0.8483164796088454,  Train Loss: 0.41609142555130857
Epoch: 16, Val Acc: 0.7956817273090764,  Val Loss: 0.5948109805583953, BEST ACC:0.7956817273090764
Achieved New Best Acc: 0.8099760095961616
Epoch: 17, Train Acc: 0.8464273808200912,  Train Loss: 0.4324117004871368
Epoch: 17, Val Acc: 0.8099760095961616,  Val Loss: 0.5936961144208908, BEST ACC:0.8099760095961616
Epoch: 18, Train Acc: 0.8554283809312145,  Train Loss: 0.4113570882214441
Epoch: 18, Val Acc: 0.7779888044782087,  Val Loss: 0.6103099584579468, BEST ACC:0.8099760095961616
Achieved New Best Acc: 0.8348660535785686
Epoch: 19, Train Acc: 0.8537615290587843,  Train Loss: 0.40730640292167664
Epoch: 19, Val Acc: 0.8348660535785686,  Val Loss: 0.5092508897185325, BEST ACC:0.8348660535785686
Achieved New Best Acc: 0.8423630547780888
Epoch: 20, Train Acc: 0.8587620846760751,  Train Loss: 0.3957153575287925
Epoch: 20, Val Acc: 0.8423630547780888,  Val Loss: 0.4438143074512481, BEST ACC:0.8423630547780888
Epoch: 21, Train Acc: 0.8755417268585398,  Train Loss: 0.35397901965512174
Epoch: 21, Val Acc: 0.7301079568172731,  Val Loss: 1.2163621068000792, BEST ACC:0.8423630547780888
Epoch: 22, Train Acc: 0.8732081342371375,  Train Loss: 0.35167787141270107
Epoch: 22, Val Acc: 0.7983806477409037,  Val Loss: 0.6458058297634123, BEST ACC:0.8423630547780888
Epoch: 23, Train Acc: 0.8707634181575731,  Train Loss: 0.3595226175255246
Epoch: 23, Val Acc: 0.8220711715313874,  Val Loss: 0.5146379426121712, BEST ACC:0.8423630547780888
Epoch: 24, Train Acc: 0.8740971219024336,  Train Loss: 0.36174888577726155
Epoch: 24, Val Acc: 0.7571971211515394,  Val Loss: 0.7107168346643445, BEST ACC:0.8423630547780888
Epoch: 25, Train Acc: 0.8807645293921547,  Train Loss: 0.3387620697418849
Epoch: 25, Val Acc: 0.7534986005597761,  Val Loss: 0.7470991581678391, BEST ACC:0.8423630547780888
Epoch: 26, Train Acc: 0.8799866651850206,  Train Loss: 0.3278983450598187
Epoch: 26, Val Acc: 0.8112754898040784,  Val Loss: 0.5734734997153281, BEST ACC:0.8423630547780888
Epoch: 27, Train Acc: 0.8874319368818757,  Train Loss: 0.3177360329363081
Epoch: 27, Val Acc: 0.8325669732107157,  Val Loss: 0.5205022260546684, BEST ACC:0.8423630547780888
Achieved New Best Acc: 0.84656137544982
Epoch: 28, Train Acc: 0.8880986776308478,  Train Loss: 0.3101625442504883
Epoch: 28, Val Acc: 0.84656137544982,  Val Loss: 0.4682499125599861, BEST ACC:0.84656137544982
Epoch: 29, Train Acc: 0.8926547394154906,  Train Loss: 0.30377006944682855
Epoch: 29, Val Acc: 0.8307676929228308,  Val Loss: 0.5464062511920929, BEST ACC:0.84656137544982
Epoch: 30, Train Acc: 0.8985442826980775,  Train Loss: 0.28466729157500803
Epoch: 30, Val Acc: 0.7817872850859656,  Val Loss: 0.8032386273145676, BEST ACC:0.84656137544982
Epoch: 31, Train Acc: 0.9066562951439049,  Train Loss: 0.2682514902618196
Epoch: 31, Val Acc: 0.8395641743302679,  Val Loss: 0.4930521279573441, BEST ACC:0.84656137544982
Achieved New Best Acc: 0.8615553778488605
Epoch: 32, Train Acc: 0.9066562951439049,  Train Loss: 0.264949731528759
Epoch: 32, Val Acc: 0.8615553778488605,  Val Loss: 0.42254180312156675, BEST ACC:0.8615553778488605
Epoch: 33, Train Acc: 0.9081009001000111,  Train Loss: 0.26901694635550183
Epoch: 33, Val Acc: 0.8512594962015194,  Val Loss: 0.441347350180149, BEST ACC:0.8615553778488605
Achieved New Best Acc: 0.8844462215113954
Epoch: 34, Train Acc: 0.9046560728969886,  Train Loss: 0.2693091183900833
Epoch: 34, Val Acc: 0.8844462215113954,  Val Loss: 0.3460305228829384, BEST ACC:0.8844462215113954
Achieved New Best Acc: 0.896141543382647
Epoch: 35, Train Acc: 0.9102122458050894,  Train Loss: 0.26178913729058373
Epoch: 35, Val Acc: 0.896141543382647,  Val Loss: 0.31063528209924696, BEST ACC:0.896141543382647
Epoch: 36, Train Acc: 0.9115457273030336,  Train Loss: 0.24996885740094715
Epoch: 36, Val Acc: 0.8311675329868052,  Val Loss: 0.5508622393012047, BEST ACC:0.896141543382647
Epoch: 37, Train Acc: 0.9124347149683298,  Train Loss: 0.23746194028192094
Epoch: 37, Val Acc: 0.8682526989204318,  Val Loss: 0.424338398873806, BEST ACC:0.896141543382647
Epoch: 38, Train Acc: 0.9209912212468052,  Train Loss: 0.22338684731059605
Epoch: 38, Val Acc: 0.859656137544982,  Val Loss: 0.4504960030317307, BEST ACC:0.896141543382647
Epoch: 39, Train Acc: 0.9105456161795755,  Train Loss: 0.24386511163579094
Epoch: 39, Val Acc: 0.7867852858856458,  Val Loss: 0.7560633093118667, BEST ACC:0.896141543382647
Epoch: 40, Train Acc: 0.91410156684076,  Train Loss: 0.23715505666202968
Epoch: 40, Val Acc: 0.8299680127948821,  Val Loss: 0.5341079503297806, BEST ACC:0.896141543382647
Achieved New Best Acc: 0.900639744102359
Epoch: 41, Train Acc: 0.9172130236692966,  Train Loss: 0.23563988837930888
Epoch: 41, Val Acc: 0.900639744102359,  Val Loss: 0.29619029462337504, BEST ACC:0.900639744102359
Epoch: 42, Train Acc: 0.9286587398599845,  Train Loss: 0.199315644800663
Epoch: 42, Val Acc: 0.8068772491003599,  Val Loss: 0.832584109902382, BEST ACC:0.900639744102359
Epoch: 43, Train Acc: 0.9236581842426936,  Train Loss: 0.21010687284999421
Epoch: 43, Val Acc: 0.8758496601359457,  Val Loss: 0.3540138736367225, BEST ACC:0.900639744102359
Epoch: 44, Train Acc: 0.9268807645293922,  Train Loss: 0.21043530768818325
Epoch: 44, Val Acc: 0.8162734906037585,  Val Loss: 0.5699641719460488, BEST ACC:0.900639744102359
Epoch: 45, Train Acc: 0.9187687520835648,  Train Loss: 0.22396224571598902
Epoch: 45, Val Acc: 0.7819872051179528,  Val Loss: 1.138608193397522, BEST ACC:0.900639744102359
Epoch: 46, Train Acc: 0.9207689743304812,  Train Loss: 0.21508258084456128
Epoch: 46, Val Acc: 0.852858856457417,  Val Loss: 0.4326328516006469, BEST ACC:0.900639744102359
Epoch: 47, Train Acc: 0.9305478386487388,  Train Loss: 0.20189694977468908
Epoch: 47, Val Acc: 0.8712514994002399,  Val Loss: 0.4031299576163292, BEST ACC:0.900639744102359
Epoch: 48, Train Acc: 0.9317701966885209,  Train Loss: 0.19659771853023103
Epoch: 48, Val Acc: 0.8746501399440224,  Val Loss: 0.3946283847093582, BEST ACC:0.900639744102359
Epoch: 49, Train Acc: 0.9217690854539393,  Train Loss: 0.21829131493965787
Epoch: 49, Val Acc: 0.8924430227908836,  Val Loss: 0.32274764776229853, BEST ACC:0.900639744102359
Achieved New Best Acc: 0.9097361055577768
Epoch: 50, Train Acc: 0.9287698633181465,  Train Loss: 0.20187726865212124
Epoch: 50, Val Acc: 0.9097361055577768,  Val Loss: 0.26441345512866976, BEST ACC:0.9097361055577768
Epoch: 51, Train Acc: 0.931881320146683,  Train Loss: 0.19333315309551033
Epoch: 51, Val Acc: 0.90593762495002,  Val Loss: 0.29995319023728373, BEST ACC:0.9097361055577768
Epoch: 52, Train Acc: 0.9314368263140349,  Train Loss: 0.19028535899188784
Epoch: 52, Val Acc: 0.8673530587764894,  Val Loss: 0.3918596267700195, BEST ACC:0.9097361055577768
Epoch: 53, Train Acc: 0.9347705300588954,  Train Loss: 0.18346899872024855
Epoch: 53, Val Acc: 0.8516593362654938,  Val Loss: 0.49042030274868015, BEST ACC:0.9097361055577768
Epoch: 54, Train Acc: 0.938215357261918,  Train Loss: 0.1708198574682077
Epoch: 54, Val Acc: 0.8828468612554978,  Val Loss: 0.37840366512537, BEST ACC:0.9097361055577768
Epoch: 55, Train Acc: 0.9396599622180242,  Train Loss: 0.17974771559238434
Epoch: 55, Val Acc: 0.8809476209516194,  Val Loss: 0.4015528619289399, BEST ACC:0.9097361055577768
Epoch: 56, Train Acc: 0.9315479497721969,  Train Loss: 0.18716514855623242
Epoch: 56, Val Acc: 0.8585565773690523,  Val Loss: 0.5193341448903084, BEST ACC:0.9097361055577768
Epoch: 57, Train Acc: 0.9333259251027892,  Train Loss: 0.1965938425726361
Epoch: 57, Val Acc: 0.8051779288284686,  Val Loss: 0.6841895997524261, BEST ACC:0.9097361055577768
Epoch: 58, Train Acc: 0.9353261473497055,  Train Loss: 0.17494971056779227
Epoch: 58, Val Acc: 0.7661935225909636,  Val Loss: 1.2221122801303863, BEST ACC:0.9097361055577768
Epoch: 59, Train Acc: 0.9361040115568396,  Train Loss: 0.18407633072800106
Epoch: 59, Val Acc: 0.8660535785685726,  Val Loss: 0.3940011128783226, BEST ACC:0.9097361055577768
Epoch: 60, Train Acc: 0.9414379375486165,  Train Loss: 0.16829127569993335
Epoch: 60, Val Acc: 0.9096361455417833,  Val Loss: 0.28333573788404465, BEST ACC:0.9097361055577768
Epoch: 61, Train Acc: 0.9368818757639737,  Train Loss: 0.18029663877354726
Epoch: 61, Val Acc: 0.8670531787285086,  Val Loss: 0.4353878378868103, BEST ACC:0.9097361055577768
Epoch: 62, Train Acc: 0.9403267029669964,  Train Loss: 0.16973048448562622
Epoch: 62, Val Acc: 0.8242702918832467,  Val Loss: 0.615293288230896, BEST ACC:0.9097361055577768
Epoch: 63, Train Acc: 0.9401044560506723,  Train Loss: 0.16391784656378958
Epoch: 63, Val Acc: 0.9057377049180327,  Val Loss: 0.2956310652196407, BEST ACC:0.9097361055577768
Epoch: 64, Train Acc: 0.9419935548394266,  Train Loss: 0.16534953854150242
Epoch: 64, Val Acc: 0.9088364654138344,  Val Loss: 0.2786883778870105, BEST ACC:0.9097361055577768
Epoch: 65, Train Acc: 0.9458828758750972,  Train Loss: 0.14728571019238895
Epoch: 65, Val Acc: 0.8972411035585766,  Val Loss: 0.341059197485447, BEST ACC:0.9097361055577768
Epoch: 66, Train Acc: 0.9482164684964997,  Train Loss: 0.14808233247862923
Epoch: 66, Val Acc: 0.8451619352259097,  Val Loss: 0.5416860356926917, BEST ACC:0.9097361055577768
Achieved New Best Acc: 0.9182327069172331
Epoch: 67, Train Acc: 0.9497721969107679,  Train Loss: 0.14475672899021041
Epoch: 67, Val Acc: 0.9182327069172331,  Val Loss: 0.2481007404625416, BEST ACC:0.9182327069172331
Epoch: 68, Train Acc: 0.9512168018668741,  Train Loss: 0.13095331233408714
Epoch: 68, Val Acc: 0.8871451419432227,  Val Loss: 0.3698410093784333, BEST ACC:0.9182327069172331
Epoch: 69, Train Acc: 0.950661184576064,  Train Loss: 0.13590202066633436
Epoch: 69, Val Acc: 0.8995401839264294,  Val Loss: 0.3253962844610215, BEST ACC:0.9182327069172331
Achieved New Best Acc: 0.9185325869652139
Epoch: 70, Train Acc: 0.9525502833648183,  Train Loss: 0.13177759986784723
Epoch: 70, Val Acc: 0.9185325869652139,  Val Loss: 0.2573145180940628, BEST ACC:0.9185325869652139
Epoch: 71, Train Acc: 0.9459939993332592,  Train Loss: 0.15200484916567805
Epoch: 71, Val Acc: 0.880547780887645,  Val Loss: 0.46883772909641264, BEST ACC:0.9185325869652139
Epoch: 72, Train Acc: 0.9394377153017002,  Train Loss: 0.1691012308001518
Epoch: 72, Val Acc: 0.8188724510195922,  Val Loss: 0.7149505227804185, BEST ACC:0.9185325869652139
Epoch: 73, Train Acc: 0.9513279253250361,  Train Loss: 0.13943840687473616
Epoch: 73, Val Acc: 0.8612554978008796,  Val Loss: 0.5196232870221138, BEST ACC:0.9185325869652139
Epoch: 74, Train Acc: 0.9526614068229803,  Train Loss: 0.13274018921785885
Epoch: 74, Val Acc: 0.9071371451419432,  Val Loss: 0.28590913116931915, BEST ACC:0.9185325869652139
Epoch: 75, Train Acc: 0.9514390487831982,  Train Loss: 0.13121727895405555
Epoch: 75, Val Acc: 0.8588564574170332,  Val Loss: 0.6046397238969803, BEST ACC:0.9185325869652139
Epoch: 76, Train Acc: 0.9582175797310812,  Train Loss: 0.12100803189807469
Epoch: 76, Val Acc: 0.8911435425829668,  Val Loss: 0.3365218549966812, BEST ACC:0.9185325869652139
Epoch: 77, Train Acc: 0.9536615179464385,  Train Loss: 0.1299546274046103
Epoch: 77, Val Acc: 0.8542582966813275,  Val Loss: 0.6251171708106995, BEST ACC:0.9185325869652139
Epoch: 78, Train Acc: 0.9534392710301145,  Train Loss: 0.13194891355103916
Epoch: 78, Val Acc: 0.8297680927628949,  Val Loss: 0.6056739896535873, BEST ACC:0.9185325869652139
Epoch: 79, Train Acc: 0.9549949994443827,  Train Loss: 0.1195949779616462
Epoch: 79, Val Acc: 0.9174330267892843,  Val Loss: 0.2445558778941631, BEST ACC:0.9185325869652139
Epoch: 80, Train Acc: 0.9513279253250361,  Train Loss: 0.1292856236298879
Epoch: 80, Val Acc: 0.868452618952419,  Val Loss: 0.49459504634141926, BEST ACC:0.9185325869652139
Epoch: 81, Train Acc: 0.9594399377708634,  Train Loss: 0.1145021874043677
Epoch: 81, Val Acc: 0.9066373450619752,  Val Loss: 0.2868576101958752, BEST ACC:0.9185325869652139
Epoch: 82, Train Acc: 0.9548838759862207,  Train Loss: 0.12785525454415214
Epoch: 82, Val Acc: 0.827469012395042,  Val Loss: 0.796837517619133, BEST ACC:0.9185325869652139
Epoch: 83, Train Acc: 0.9513279253250361,  Train Loss: 0.13302381129728422
Epoch: 83, Val Acc: 0.9022391043582567,  Val Loss: 0.32481783777475365, BEST ACC:0.9185325869652139
Epoch: 84, Train Acc: 0.9581064562729192,  Train Loss: 0.11478723213076591
Epoch: 84, Val Acc: 0.9044382247101159,  Val Loss: 0.31276976466178896, BEST ACC:0.9185325869652139
Epoch: 85, Train Acc: 0.9582175797310812,  Train Loss: 0.11721273718608749
Epoch: 85, Val Acc: 0.8881447421031587,  Val Loss: 0.3878686726093292, BEST ACC:0.9185325869652139
Epoch: 86, Train Acc: 0.9597733081453494,  Train Loss: 0.11095518867174783
Epoch: 86, Val Acc: 0.8767493002798881,  Val Loss: 0.4353680327534676, BEST ACC:0.9185325869652139
Epoch: 87, Train Acc: 0.9648849872208023,  Train Loss: 0.09864916735225254
Epoch: 87, Val Acc: 0.9098360655737705,  Val Loss: 0.3236883185803891, BEST ACC:0.9185325869652139
Epoch: 88, Train Acc: 0.9643293699299922,  Train Loss: 0.09895660148726569
Epoch: 88, Val Acc: 0.8905437824870052,  Val Loss: 0.35681441128253943, BEST ACC:0.9185325869652139
Epoch: 89, Train Acc: 0.9634403822646961,  Train Loss: 0.10278394735521741
Epoch: 89, Val Acc: 0.90843662534986,  Val Loss: 0.2847978629171849, BEST ACC:0.9185325869652139
Epoch: 90, Train Acc: 0.962662518057562,  Train Loss: 0.10316429949469035
Epoch: 90, Val Acc: 0.9096361455417833,  Val Loss: 0.2974489577114582, BEST ACC:0.9185325869652139
Epoch: 91, Train Acc: 0.9659962218024225,  Train Loss: 0.09452515488697422
Epoch: 91, Val Acc: 0.8857457017193123,  Val Loss: 0.416039602458477, BEST ACC:0.9185325869652139
Epoch: 92, Train Acc: 0.9665518390932326,  Train Loss: 0.09005900679363146
Epoch: 92, Val Acc: 0.9060375849660136,  Val Loss: 0.3310555905103683, BEST ACC:0.9185325869652139
Epoch: 93, Train Acc: 0.9662184687187465,  Train Loss: 0.09471232195695242
Epoch: 93, Val Acc: 0.8560575769692124,  Val Loss: 0.5152252539992332, BEST ACC:0.9185325869652139
Achieved New Best Acc: 0.9231307477009196
Epoch: 94, Train Acc: 0.9598844316035116,  Train Loss: 0.11487687420513894
Epoch: 94, Val Acc: 0.9231307477009196,  Val Loss: 0.24876160547137258, BEST ACC:0.9231307477009196
Epoch: 95, Train Acc: 0.9575508389821091,  Train Loss: 0.1122250258922577
Epoch: 95, Val Acc: 0.920531787285086,  Val Loss: 0.2612002111971379, BEST ACC:0.9231307477009196
Epoch: 96, Train Acc: 0.9579953328147572,  Train Loss: 0.1116783002184497
Epoch: 96, Val Acc: 0.8886445421831267,  Val Loss: 0.37389760762453067, BEST ACC:0.9231307477009196
Epoch: 97, Train Acc: 0.9594399377708634,  Train Loss: 0.10822832501596875
Epoch: 97, Val Acc: 0.919032387045182,  Val Loss: 0.26069952324032786, BEST ACC:0.9231307477009196
Epoch: 98, Train Acc: 0.9661073452605845,  Train Loss: 0.08856037176317638
Epoch: 98, Val Acc: 0.9141343462614954,  Val Loss: 0.2953463084995746, BEST ACC:0.9231307477009196
Epoch: 99, Train Acc: 0.9654406045116124,  Train Loss: 0.09482603892683981
Epoch: 99, Val Acc: 0.9047381047580968,  Val Loss: 0.3568641960620881, BEST ACC:0.9231307477009196
Epoch: 100, Train Acc: 0.9706634070452272,  Train Loss: 0.0867068821357356
Epoch: 100, Val Acc: 0.9089364254298281,  Val Loss: 0.30787523016333573, BEST ACC:0.9231307477009196
Epoch: 101, Train Acc: 0.9645516168463163,  Train Loss: 0.09203550633456972
Epoch: 101, Val Acc: 0.8988404638144742,  Val Loss: 0.3620326578617096, BEST ACC:0.9231307477009196
Epoch: 102, Train Acc: 0.9708856539615512,  Train Loss: 0.081255741417408
Epoch: 102, Val Acc: 0.9214314274290284,  Val Loss: 0.2773063391447067, BEST ACC:0.9231307477009196
Epoch: 103, Train Acc: 0.969329925547283,  Train Loss: 0.08844784999059307
Epoch: 103, Val Acc: 0.9160335865653738,  Val Loss: 0.2811241619288921, BEST ACC:0.9231307477009196
Epoch: 104, Train Acc: 0.9647738637626403,  Train Loss: 0.0988512606256538
Epoch: 104, Val Acc: 0.8947421031587365,  Val Loss: 0.38665132522583007, BEST ACC:0.9231307477009196
Epoch: 105, Train Acc: 0.9662184687187465,  Train Loss: 0.09899015393522051
Epoch: 105, Val Acc: 0.8828468612554978,  Val Loss: 0.44581134617328644, BEST ACC:0.9231307477009196
Epoch: 106, Train Acc: 0.9684409378819869,  Train Loss: 0.08400841388437483
Epoch: 106, Val Acc: 0.9146341463414634,  Val Loss: 0.2864291779696941, BEST ACC:0.9231307477009196
Epoch: 107, Train Acc: 0.969441049005445,  Train Loss: 0.08856833746863736
Epoch: 107, Val Acc: 0.890843662534986,  Val Loss: 0.4351884871721267, BEST ACC:0.9231307477009196
Epoch: 108, Train Acc: 0.9647738637626403,  Train Loss: 0.09465188491675587
Epoch: 108, Val Acc: 0.9174330267892843,  Val Loss: 0.2866052269935608, BEST ACC:0.9231307477009196
Epoch: 109, Train Acc: 0.9671074563840427,  Train Loss: 0.08767387643456459
Epoch: 109, Val Acc: 0.9130347860855658,  Val Loss: 0.28957018852233884, BEST ACC:0.9231307477009196
Epoch: 110, Train Acc: 0.9642182464718302,  Train Loss: 0.09951542400651507
Epoch: 110, Val Acc: 0.8770491803278688,  Val Loss: 0.41765533834695817, BEST ACC:0.9231307477009196
Epoch: 111, Train Acc: 0.9672185798422047,  Train Loss: 0.08982035952309765
Epoch: 111, Val Acc: 0.920531787285086,  Val Loss: 0.27387609183788303, BEST ACC:0.9231307477009196
Epoch: 112, Train Acc: 0.9791087898655406,  Train Loss: 0.0617926267700063
Epoch: 112, Val Acc: 0.9229308276689324,  Val Loss: 0.2820399887859822, BEST ACC:0.9231307477009196
Epoch: 113, Train Acc: 0.974886098455384,  Train Loss: 0.07003294945591026
Epoch: 113, Val Acc: 0.9203318672530988,  Val Loss: 0.29527459740638734, BEST ACC:0.9231307477009196
Epoch: 114, Train Acc: 0.9705522835870652,  Train Loss: 0.08123746886849403
Epoch: 114, Val Acc: 0.914734106357457,  Val Loss: 0.31407522633671764, BEST ACC:0.9231307477009196
Epoch: 115, Train Acc: 0.9668852094677186,  Train Loss: 0.08796500042080879
Epoch: 115, Val Acc: 0.900639744102359,  Val Loss: 0.33111969530582425, BEST ACC:0.9231307477009196
Epoch: 116, Train Acc: 0.9755528392043561,  Train Loss: 0.06965558955238925
Epoch: 116, Val Acc: 0.8849460215913635,  Val Loss: 0.4521922513842583, BEST ACC:0.9231307477009196
Epoch: 117, Train Acc: 0.9729969996666297,  Train Loss: 0.07643620028263994
Epoch: 117, Val Acc: 0.9095361855257896,  Val Loss: 0.34962905347347256, BEST ACC:0.9231307477009196
Achieved New Best Acc: 0.9244302279088364
Epoch: 118, Train Acc: 0.9739971107900878,  Train Loss: 0.07417796531485187
Epoch: 118, Val Acc: 0.9244302279088364,  Val Loss: 0.25855066701769824, BEST ACC:0.9244302279088364
Achieved New Best Acc: 0.9386245501799281
Epoch: 119, Train Acc: 0.9717746416268475,  Train Loss: 0.0791186990423335
Epoch: 119, Val Acc: 0.9386245501799281,  Val Loss: 0.2223461516201496, BEST ACC:0.9386245501799281
Epoch: 120, Train Acc: 0.9677741971330148,  Train Loss: 0.09155841399398117
Epoch: 120, Val Acc: 0.9025389844062375,  Val Loss: 0.36995754539966585, BEST ACC:0.9386245501799281
Epoch: 121, Train Acc: 0.9711079008778754,  Train Loss: 0.07561451921032535
Epoch: 121, Val Acc: 0.9161335465813675,  Val Loss: 0.29714930802583694, BEST ACC:0.9386245501799281
Epoch: 122, Train Acc: 0.9773308145349483,  Train Loss: 0.06285941849152248
Epoch: 122, Val Acc: 0.9088364654138344,  Val Loss: 0.3599917359650135, BEST ACC:0.9386245501799281
Epoch: 123, Train Acc: 0.9742193577064118,  Train Loss: 0.07027914271586472
Epoch: 123, Val Acc: 0.9140343862455018,  Val Loss: 0.33487143963575366, BEST ACC:0.9386245501799281
Epoch: 124, Train Acc: 0.974886098455384,  Train Loss: 0.07331562021540272
Epoch: 124, Val Acc: 0.9053378648540584,  Val Loss: 0.37551294714212413, BEST ACC:0.9386245501799281
Epoch: 125, Train Acc: 0.9768863207023003,  Train Loss: 0.06585149963696799
Epoch: 125, Val Acc: 0.9206317473010796,  Val Loss: 0.2759941197931767, BEST ACC:0.9386245501799281
Epoch: 126, Train Acc: 0.9813312590287809,  Train Loss: 0.05048303409583038
Epoch: 126, Val Acc: 0.8864454218312675,  Val Loss: 0.4836385726928712, BEST ACC:0.9386245501799281
Epoch: 127, Train Acc: 0.975441715746194,  Train Loss: 0.06892718043592241
Epoch: 127, Val Acc: 0.9090363854458217,  Val Loss: 0.3621681444346904, BEST ACC:0.9386245501799281
Epoch: 128, Train Acc: 0.9759973330370041,  Train Loss: 0.06715738111072117
Epoch: 128, Val Acc: 0.9138344662135146,  Val Loss: 0.3059968121349812, BEST ACC:0.9386245501799281
Epoch: 129, Train Acc: 0.9789976664073786,  Train Loss: 0.05868041846487257
Epoch: 129, Val Acc: 0.9041383446621352,  Val Loss: 0.33342327848076814, BEST ACC:0.9386245501799281
Epoch: 130, Train Acc: 0.9805533948216468,  Train Loss: 0.051899264463120036
Epoch: 130, Val Acc: 0.9258296681327469,  Val Loss: 0.29368553683161736, BEST ACC:0.9386245501799281
Epoch: 131, Train Acc: 0.9776641849094344,  Train Loss: 0.05987006301681201
Epoch: 131, Val Acc: 0.9204318272690923,  Val Loss: 0.3084917217493057, BEST ACC:0.9386245501799281
Epoch: 132, Train Acc: 0.9777753083675964,  Train Loss: 0.06640710143579377
Epoch: 132, Val Acc: 0.9076369452219112,  Val Loss: 0.34228184074163437, BEST ACC:0.9386245501799281
Epoch: 133, Train Acc: 0.9789976664073786,  Train Loss: 0.06219937424692843
Epoch: 133, Val Acc: 0.9135345861655337,  Val Loss: 0.3028353534638882, BEST ACC:0.9386245501799281
Epoch: 134, Train Acc: 0.981553505945105,  Train Loss: 0.05393914071222146
Epoch: 134, Val Acc: 0.8846461415433826,  Val Loss: 0.4242701634764671, BEST ACC:0.9386245501799281
Epoch: 135, Train Acc: 0.9805533948216468,  Train Loss: 0.055773513805535094
Epoch: 135, Val Acc: 0.9082367053178728,  Val Loss: 0.3994041725993157, BEST ACC:0.9386245501799281
Epoch: 136, Train Acc: 0.9794421602400266,  Train Loss: 0.05786012527015475
Epoch: 136, Val Acc: 0.90843662534986,  Val Loss: 0.3712229341268539, BEST ACC:0.9386245501799281
Epoch: 137, Train Acc: 0.9777753083675964,  Train Loss: 0.062413174038132034
Epoch: 137, Val Acc: 0.9058376649340264,  Val Loss: 0.3644212365150451, BEST ACC:0.9386245501799281
Epoch: 138, Train Acc: 0.9813312590287809,  Train Loss: 0.053934335501657604
Epoch: 138, Val Acc: 0.9143342662934826,  Val Loss: 0.3218339920043946, BEST ACC:0.9386245501799281
Epoch: 139, Train Acc: 0.9781086787420824,  Train Loss: 0.06367515575968556
Epoch: 139, Val Acc: 0.9026389444222311,  Val Loss: 0.37091313898563383, BEST ACC:0.9386245501799281
Epoch: 140, Train Acc: 0.9793310367818646,  Train Loss: 0.06361863017082214
Epoch: 140, Val Acc: 0.9244302279088364,  Val Loss: 0.28688351213932045, BEST ACC:0.9386245501799281
Epoch: 141, Train Acc: 0.97521946882987,  Train Loss: 0.07084015135963757
Epoch: 141, Val Acc: 0.8925429828068773,  Val Loss: 0.3933165460824966, BEST ACC:0.9386245501799281
Epoch: 142, Train Acc: 0.9811090121124569,  Train Loss: 0.0536423156865769
Epoch: 142, Val Acc: 0.9307277089164334,  Val Loss: 0.2681094467639923, BEST ACC:0.9386245501799281
Epoch: 143, Train Acc: 0.981997999777753,  Train Loss: 0.04935940779331656
Epoch: 143, Val Acc: 0.9352259096361455,  Val Loss: 0.2390121705830097, BEST ACC:0.9386245501799281
Epoch: 144, Train Acc: 0.9846649627736415,  Train Loss: 0.04140489651925035
Epoch: 144, Val Acc: 0.9316273490603758,  Val Loss: 0.23618018925189974, BEST ACC:0.9386245501799281
Epoch: 145, Train Acc: 0.9833314812756973,  Train Loss: 0.05097503618647656
Epoch: 145, Val Acc: 0.9159336265493803,  Val Loss: 0.33007080554962154, BEST ACC:0.9386245501799281
Epoch: 146, Train Acc: 0.9831092343593733,  Train Loss: 0.04860420949343178
Epoch: 146, Val Acc: 0.9335265893642543,  Val Loss: 0.2522083103656768, BEST ACC:0.9386245501799281
Epoch: 147, Train Acc: 0.9789976664073786,  Train Loss: 0.05516432970762253
Epoch: 147, Val Acc: 0.9236305477808876,  Val Loss: 0.27772217243909836, BEST ACC:0.9386245501799281
Epoch: 148, Train Acc: 0.9806645182798088,  Train Loss: 0.055202281723419816
Epoch: 148, Val Acc: 0.9188324670131948,  Val Loss: 0.30788706019520756, BEST ACC:0.9386245501799281
Epoch: 149, Train Acc: 0.9806645182798088,  Train Loss: 0.05527990011291372
Epoch: 149, Val Acc: 0.8821471411435425,  Val Loss: 0.44620281606912615, BEST ACC:0.9386245501799281
Epoch: 150, Train Acc: 0.9813312590287809,  Train Loss: 0.05710729956626892
Epoch: 150, Val Acc: 0.9321271491403439,  Val Loss: 0.24749633446335786, BEST ACC:0.9386245501799281
Epoch: 151, Train Acc: 0.9796644071563507,  Train Loss: 0.05718233498434225
Epoch: 151, Val Acc: 0.9292283086765294,  Val Loss: 0.26755585595965387, BEST ACC:0.9386245501799281
Epoch: 152, Train Acc: 0.97521946882987,  Train Loss: 0.06796895836790404
Epoch: 152, Val Acc: 0.9131347461015594,  Val Loss: 0.3173559837043285, BEST ACC:0.9386245501799281
Epoch: 153, Train Acc: 0.9796644071563507,  Train Loss: 0.05331573490467337
Epoch: 153, Val Acc: 0.9164334266293482,  Val Loss: 0.31978264003992074, BEST ACC:0.9386245501799281
Epoch: 154, Train Acc: 0.9785531725747305,  Train Loss: 0.0580347722603215
Epoch: 154, Val Acc: 0.9307277089164334,  Val Loss: 0.2527011454105377, BEST ACC:0.9386245501799281
Epoch: 155, Train Acc: 0.9805533948216468,  Train Loss: 0.05619520331836409
Epoch: 155, Val Acc: 0.9293282686925229,  Val Loss: 0.2512307368218899, BEST ACC:0.9386245501799281
Epoch: 156, Train Acc: 0.9841093454828315,  Train Loss: 0.04967840491897531
Epoch: 156, Val Acc: 0.9290283886445422,  Val Loss: 0.2774288594722748, BEST ACC:0.9386245501799281
Epoch: 157, Train Acc: 0.9827758639848873,  Train Loss: 0.049495907396905944
Epoch: 157, Val Acc: 0.9209316273490604,  Val Loss: 0.31056566387414924, BEST ACC:0.9386245501799281
Achieved New Best Acc: 0.941123550579768
Epoch: 158, Train Acc: 0.9796644071563507,  Train Loss: 0.05544986337837246
Epoch: 158, Val Acc: 0.941123550579768,  Val Loss: 0.20585766434669492, BEST ACC:0.941123550579768
Epoch: 159, Train Acc: 0.9827758639848873,  Train Loss: 0.049885735847055905
Epoch: 159, Val Acc: 0.9122351059576169,  Val Loss: 0.33825394958257676, BEST ACC:0.941123550579768
Epoch: 160, Train Acc: 0.9842204689409935,  Train Loss: 0.0465728844412499
Epoch: 160, Val Acc: 0.9232307077169132,  Val Loss: 0.2775425039231777, BEST ACC:0.941123550579768
Epoch: 161, Train Acc: 0.9822202466940771,  Train Loss: 0.04398487611777252
Epoch: 161, Val Acc: 0.9198320671731307,  Val Loss: 0.2825856380164623, BEST ACC:0.941123550579768
Epoch: 162, Train Acc: 0.9842204689409935,  Train Loss: 0.046632121731009744
Epoch: 162, Val Acc: 0.9287285085965614,  Val Loss: 0.26679607108235365, BEST ACC:0.941123550579768
Epoch: 163, Train Acc: 0.9862206911879098,  Train Loss: 0.044454550060133144
Epoch: 163, Val Acc: 0.931827269092363,  Val Loss: 0.2572263740003109, BEST ACC:0.941123550579768
Epoch: 164, Train Acc: 0.9829981109012113,  Train Loss: 0.04806323908269406
Epoch: 164, Val Acc: 0.9316273490603758,  Val Loss: 0.24907416701316834, BEST ACC:0.941123550579768
Epoch: 165, Train Acc: 0.9794421602400266,  Train Loss: 0.06071830737508006
Epoch: 165, Val Acc: 0.915733706517393,  Val Loss: 0.31430392265319823, BEST ACC:0.941123550579768
Epoch: 166, Train Acc: 0.981664629403267,  Train Loss: 0.05412495519138045
Epoch: 166, Val Acc: 0.928328668532587,  Val Loss: 0.27402928173542024, BEST ACC:0.941123550579768
Epoch: 167, Train Acc: 0.9845538393154795,  Train Loss: 0.04620333046962818
Epoch: 167, Val Acc: 0.9092363054778089,  Val Loss: 0.3655279129743576, BEST ACC:0.941123550579768
Epoch: 168, Train Acc: 0.9845538393154795,  Train Loss: 0.04461250650799937
Epoch: 168, Val Acc: 0.9167333066773291,  Val Loss: 0.3573634847998619, BEST ACC:0.941123550579768
Epoch: 169, Train Acc: 0.981775752861429,  Train Loss: 0.05265685460633702
Epoch: 169, Val Acc: 0.9201319472211116,  Val Loss: 0.2974716745316982, BEST ACC:0.941123550579768
Epoch: 170, Train Acc: 0.9798866540726747,  Train Loss: 0.056137133286231086
Epoch: 170, Val Acc: 0.9260295881647341,  Val Loss: 0.2728126242756844, BEST ACC:0.941123550579768
Epoch: 171, Train Acc: 0.9833314812756973,  Train Loss: 0.04977691111465295
Epoch: 171, Val Acc: 0.9292283086765294,  Val Loss: 0.2713889718055725, BEST ACC:0.941123550579768
Epoch: 172, Train Acc: 0.9836648516501834,  Train Loss: 0.049065446274148085
Epoch: 172, Val Acc: 0.9310275889644143,  Val Loss: 0.24828005656599994, BEST ACC:0.941123550579768
Epoch: 173, Train Acc: 0.9827758639848873,  Train Loss: 0.04662761806199948
Epoch: 173, Val Acc: 0.9053378648540584,  Val Loss: 0.385867078602314, BEST ACC:0.941123550579768
Epoch: 174, Train Acc: 0.9825536170685631,  Train Loss: 0.045691708102822304
Epoch: 174, Val Acc: 0.9280287884846061,  Val Loss: 0.2637340940535069, BEST ACC:0.941123550579768
Epoch: 175, Train Acc: 0.9858873208134237,  Train Loss: 0.040502235396868654
Epoch: 175, Val Acc: 0.8778488604558177,  Val Loss: 0.5083379998803139, BEST ACC:0.941123550579768
Epoch: 176, Train Acc: 0.9851094566062896,  Train Loss: 0.04388470254424545
Epoch: 176, Val Acc: 0.9106357457017193,  Val Loss: 0.38126430213451384, BEST ACC:0.941123550579768
Epoch: 177, Train Acc: 0.9842204689409935,  Train Loss: 0.047992528002295226
Epoch: 177, Val Acc: 0.9163334666133547,  Val Loss: 0.3194321401417256, BEST ACC:0.941123550579768
Epoch: 178, Train Acc: 0.9856650738970997,  Train Loss: 0.038878621636993356
Epoch: 178, Val Acc: 0.9316273490603758,  Val Loss: 0.25193890929222107, BEST ACC:0.941123550579768
Epoch: 179, Train Acc: 0.9829981109012113,  Train Loss: 0.051864002417359084
Epoch: 179, Val Acc: 0.8653538584566174,  Val Loss: 0.594433991611004, BEST ACC:0.941123550579768
Epoch: 180, Train Acc: 0.9832203578175353,  Train Loss: 0.047528709284961224
Epoch: 180, Val Acc: 0.9248300679728109,  Val Loss: 0.27020318806171423, BEST ACC:0.941123550579768
Epoch: 181, Train Acc: 0.9864429381042338,  Train Loss: 0.04022769247078233
Epoch: 181, Val Acc: 0.9227309076369452,  Val Loss: 0.29732880964875225, BEST ACC:0.941123550579768
Epoch: 182, Train Acc: 0.9843315923991555,  Train Loss: 0.04341235963834657
Epoch: 182, Val Acc: 0.9168332666933227,  Val Loss: 0.34792625233531, BEST ACC:0.941123550579768
Epoch: 183, Train Acc: 0.9834426047338594,  Train Loss: 0.04978588326937623
Epoch: 183, Val Acc: 0.9058376649340264,  Val Loss: 0.3729180335998535, BEST ACC:0.941123550579768
Epoch: 184, Train Acc: 0.9807756417379709,  Train Loss: 0.05360509030934838
Epoch: 184, Val Acc: 0.9332267093162735,  Val Loss: 0.2330061823129654, BEST ACC:0.941123550579768
Epoch: 185, Train Acc: 0.9831092343593733,  Train Loss: 0.050507052077187434
Epoch: 185, Val Acc: 0.8393642542982807,  Val Loss: 0.8421112835407257, BEST ACC:0.941123550579768
Achieved New Best Acc: 0.9428228708516594
Epoch: 186, Train Acc: 0.9893321480164463,  Train Loss: 0.030938889003462262
Epoch: 186, Val Acc: 0.9428228708516594,  Val Loss: 0.2028214581310749, BEST ACC:0.9428228708516594
Epoch: 187, Train Acc: 0.9917768640960106,  Train Loss: 0.026514600962400433
Epoch: 187, Val Acc: 0.905437824870052,  Val Loss: 0.36129791885614393, BEST ACC:0.9428228708516594
Epoch: 188, Train Acc: 0.9888876541837982,  Train Loss: 0.03001880914800697
Epoch: 188, Val Acc: 0.9256297481007597,  Val Loss: 0.29472150206565856, BEST ACC:0.9428228708516594
Epoch: 189, Train Acc: 0.9858873208134237,  Train Loss: 0.03934896447592312
Epoch: 189, Val Acc: 0.9292283086765294,  Val Loss: 0.27545871883630757, BEST ACC:0.9428228708516594
Epoch: 190, Train Acc: 0.98788754306034,  Train Loss: 0.03667771899037891
Epoch: 190, Val Acc: 0.9272291083566573,  Val Loss: 0.28869661241769795, BEST ACC:0.9428228708516594
Epoch: 191, Train Acc: 0.98788754306034,  Train Loss: 0.03403747888902823
Epoch: 191, Val Acc: 0.9070371851259497,  Val Loss: 0.3775757670402528, BEST ACC:0.9428228708516594
Epoch: 192, Train Acc: 0.9903322591399044,  Train Loss: 0.028184238924748365
Epoch: 192, Val Acc: 0.8863454618152738,  Val Loss: 0.5809084221720695, BEST ACC:0.9428228708516594
Epoch: 193, Train Acc: 0.9883320368929881,  Train Loss: 0.03327932027685974
Epoch: 193, Val Acc: 0.933326669332267,  Val Loss: 0.26805340424180035, BEST ACC:0.9428228708516594
Epoch: 194, Train Acc: 0.9872208023113679,  Train Loss: 0.042304216884076595
Epoch: 194, Val Acc: 0.8870451819272291,  Val Loss: 0.5051442712545394, BEST ACC:0.9428228708516594
Epoch: 195, Train Acc: 0.9824424936104011,  Train Loss: 0.052083958561221756
Epoch: 195, Val Acc: 0.8126749300279889,  Val Loss: 1.3520864605903626, BEST ACC:0.9428228708516594
Epoch: 196, Train Acc: 0.975330592288032,  Train Loss: 0.06760138987253109
Epoch: 196, Val Acc: 0.8654538184726109,  Val Loss: 0.655968649685383, BEST ACC:0.9428228708516594
Epoch: 197, Train Acc: 0.9846649627736415,  Train Loss: 0.047189964395430356
Epoch: 197, Val Acc: 0.9178328668532587,  Val Loss: 0.31136077791452405, BEST ACC:0.9428228708516594
Epoch: 198, Train Acc: 0.9872208023113679,  Train Loss: 0.0369237426461445
Epoch: 198, Val Acc: 0.8906437425029988,  Val Loss: 0.44091418534517285, BEST ACC:0.9428228708516594
Epoch: 199, Train Acc: 0.9865540615623958,  Train Loss: 0.03993273909307189
Epoch: 199, Val Acc: 0.9385245901639344,  Val Loss: 0.23354197517037392, BEST ACC:0.9428228708516594
Test Accuracy: 0.8142061281337047, Test Loss:1.225566294789314
