Current Configuration: {'resume': '', 'sched_type': None, 'batch_size': 512, 'lr': 0.05, 'wd': 0.0001, 'epochs': 200}
Achieved New Best Acc: 0.33056777289084366
Epoch: 0, Train Acc: 0.3458162018002,  Train Loss: 1.893439723385705
Epoch: 0, Val Acc: 0.33056777289084366,  Val Loss: 1.8018619894981385, BEST ACC:0.33056777289084366
Epoch: 1, Train Acc: 0.48583175908434273,  Train Loss: 1.2489055660035877
Epoch: 1, Val Acc: 0.30597760895641746,  Val Loss: 2.630937755107879, BEST ACC:0.33056777289084366
Achieved New Best Acc: 0.3472610955617753
Epoch: 2, Train Acc: 0.6055117235248361,  Train Loss: 1.0036967661645677
Epoch: 2, Val Acc: 0.3472610955617753,  Val Loss: 2.091130042076111, BEST ACC:0.3472610955617753
Achieved New Best Acc: 0.6299480207916833
Epoch: 3, Train Acc: 0.6479608845427269,  Train Loss: 0.8942032092147402
Epoch: 3, Val Acc: 0.6299480207916833,  Val Loss: 1.0020767271518707, BEST ACC:0.6299480207916833
Achieved New Best Acc: 0.6537385045981607
Epoch: 4, Train Acc: 0.6622958106456273,  Train Loss: 0.860607965124978
Epoch: 4, Val Acc: 0.6537385045981607,  Val Loss: 0.9063443332910538, BEST ACC:0.6537385045981607
Achieved New Best Acc: 0.6582367053178728
Epoch: 5, Train Acc: 0.7145238359817757,  Train Loss: 0.760609186357922
Epoch: 5, Val Acc: 0.6582367053178728,  Val Loss: 0.9946803867816928, BEST ACC:0.6582367053178728
Epoch: 6, Train Acc: 0.7249694410490054,  Train Loss: 0.7416679892275068
Epoch: 6, Val Acc: 0.6405437824870052,  Val Loss: 1.0207050144672392, BEST ACC:0.6582367053178728
Epoch: 7, Train Acc: 0.7484164907211912,  Train Loss: 0.6933292945226033
Epoch: 7, Val Acc: 0.49930027988804476,  Val Loss: 1.5193650722503662, BEST ACC:0.6582367053178728
Achieved New Best Acc: 0.7300079968012795
Epoch: 8, Train Acc: 0.7606400711190132,  Train Loss: 0.6701586577627394
Epoch: 8, Val Acc: 0.7300079968012795,  Val Loss: 0.7230685293674469, BEST ACC:0.7300079968012795
Epoch: 9, Train Acc: 0.7427491943549284,  Train Loss: 0.7042330304781597
Epoch: 9, Val Acc: 0.5854658136745302,  Val Loss: 1.2568975985050197, BEST ACC:0.7300079968012795
Epoch: 10, Train Acc: 0.7627514168240915,  Train Loss: 0.6654398043950399
Epoch: 10, Val Acc: 0.6941223510595762,  Val Loss: 0.8470350742340087, BEST ACC:0.7300079968012795
Epoch: 11, Train Acc: 0.7731970218913212,  Train Loss: 0.6282670232984754
Epoch: 11, Val Acc: 0.7249100359856058,  Val Loss: 0.7531418472528457, BEST ACC:0.7300079968012795
Epoch: 12, Train Acc: 0.7825313923769308,  Train Loss: 0.6204473906093173
Epoch: 12, Val Acc: 0.6373450619752099,  Val Loss: 1.0485687136650086, BEST ACC:0.7300079968012795
Epoch: 13, Train Acc: 0.7787531947994222,  Train Loss: 0.624664329820209
Epoch: 13, Val Acc: 0.7049180327868853,  Val Loss: 0.792636325955391, BEST ACC:0.7300079968012795
Achieved New Best Acc: 0.7466013594562175
Epoch: 14, Train Acc: 0.7956439604400489,  Train Loss: 0.5845227804448869
Epoch: 14, Val Acc: 0.7466013594562175,  Val Loss: 0.7390362769365308, BEST ACC:0.7466013594562175
Epoch: 15, Train Acc: 0.8039782198022002,  Train Loss: 0.5573423885636859
Epoch: 15, Val Acc: 0.7278088764494203,  Val Loss: 0.8090026885271073, BEST ACC:0.7466013594562175
Achieved New Best Acc: 0.7807876849260296
Epoch: 16, Train Acc: 0.8067563062562507,  Train Loss: 0.5547936144802306
Epoch: 16, Val Acc: 0.7807876849260296,  Val Loss: 0.6129975825548172, BEST ACC:0.7807876849260296
Epoch: 17, Train Acc: 0.8157573063673742,  Train Loss: 0.5298263728618622
Epoch: 17, Val Acc: 0.727109156337465,  Val Loss: 0.8329535275697706, BEST ACC:0.7807876849260296
Epoch: 18, Train Acc: 0.8197577508612068,  Train Loss: 0.53005407916175
Epoch: 18, Val Acc: 0.7395041983206717,  Val Loss: 0.7779177486896516, BEST ACC:0.7807876849260296
Epoch: 19, Train Acc: 0.8037559728858762,  Train Loss: 0.5542737527026069
Epoch: 19, Val Acc: 0.6327469012395042,  Val Loss: 1.180935490131378, BEST ACC:0.7807876849260296
Epoch: 20, Train Acc: 0.8305367263029225,  Train Loss: 0.4968055287996928
Epoch: 20, Val Acc: 0.7396041583366654,  Val Loss: 0.8272782087326049, BEST ACC:0.7807876849260296
Achieved New Best Acc: 0.8061775289884047
Epoch: 21, Train Acc: 0.833425936215135,  Train Loss: 0.4758861015240352
Epoch: 21, Val Acc: 0.8061775289884047,  Val Loss: 0.5586668193340302, BEST ACC:0.8061775289884047
Epoch: 22, Train Acc: 0.833759306589621,  Train Loss: 0.48238222301006317
Epoch: 22, Val Acc: 0.776389444222311,  Val Loss: 0.6512236028909683, BEST ACC:0.8061775289884047
Epoch: 23, Train Acc: 0.8473163684853873,  Train Loss: 0.4410289128621419
Epoch: 23, Val Acc: 0.7598960415833667,  Val Loss: 0.7306649118661882, BEST ACC:0.8061775289884047
Epoch: 24, Train Acc: 0.8499833314812757,  Train Loss: 0.4396594646904204
Epoch: 24, Val Acc: 0.7599960015993602,  Val Loss: 0.7337383538484572, BEST ACC:0.8061775289884047
Epoch: 25, Train Acc: 0.857539726636293,  Train Loss: 0.40025265183713704
Epoch: 25, Val Acc: 0.7710915633746501,  Val Loss: 0.7697827935218811, BEST ACC:0.8061775289884047
Epoch: 26, Train Acc: 0.8612068007556395,  Train Loss: 0.4025886373387443
Epoch: 26, Val Acc: 0.6260495801679328,  Val Loss: 1.2150075614452365, BEST ACC:0.8061775289884047
Epoch: 27, Train Acc: 0.8622069118790977,  Train Loss: 0.39445411331123764
Epoch: 27, Val Acc: 0.743702518992403,  Val Loss: 0.8236454308032991, BEST ACC:0.8061775289884047
Achieved New Best Acc: 0.8077768892443022
Epoch: 28, Train Acc: 0.8539837759751083,  Train Loss: 0.4131501317024231
Epoch: 28, Val Acc: 0.8077768892443022,  Val Loss: 0.6200565367937088, BEST ACC:0.8077768892443022
Achieved New Best Acc: 0.8251699320271891
Epoch: 29, Train Acc: 0.8655406156239582,  Train Loss: 0.3844075004259745
Epoch: 29, Val Acc: 0.8251699320271891,  Val Loss: 0.5322770237922668, BEST ACC:0.8251699320271891
Epoch: 30, Train Acc: 0.8683187020780087,  Train Loss: 0.3768338825967577
Epoch: 30, Val Acc: 0.8179728108756498,  Val Loss: 0.5468451887369155, BEST ACC:0.8251699320271891
Epoch: 31, Train Acc: 0.8746527391932437,  Train Loss: 0.35542739927768713
Epoch: 31, Val Acc: 0.8119752099160336,  Val Loss: 0.5626285031437874, BEST ACC:0.8251699320271891
Epoch: 32, Train Acc: 0.8785420602289143,  Train Loss: 0.34864386916160583
Epoch: 32, Val Acc: 0.7958816473410636,  Val Loss: 0.5888422414660454, BEST ACC:0.8251699320271891
Achieved New Best Acc: 0.827469012395042
Epoch: 33, Train Acc: 0.8686520724524948,  Train Loss: 0.37182135714424985
Epoch: 33, Val Acc: 0.827469012395042,  Val Loss: 0.5334092706441879, BEST ACC:0.827469012395042
Epoch: 34, Train Acc: 0.8732081342371375,  Train Loss: 0.35900045269065434
Epoch: 34, Val Acc: 0.7012195121951219,  Val Loss: 1.2595740497112278, BEST ACC:0.827469012395042
Epoch: 35, Train Acc: 0.8782086898544282,  Train Loss: 0.34418319331275093
Epoch: 35, Val Acc: 0.7804878048780488,  Val Loss: 0.6546038717031478, BEST ACC:0.827469012395042
Achieved New Best Acc: 0.8281687325069972
Epoch: 36, Train Acc: 0.8849872208023114,  Train Loss: 0.32730254862043595
Epoch: 36, Val Acc: 0.8281687325069972,  Val Loss: 0.5467846915125847, BEST ACC:0.8281687325069972
Achieved New Best Acc: 0.8655537784886046
Epoch: 37, Train Acc: 0.88932103567063,  Train Loss: 0.32405928439564174
Epoch: 37, Val Acc: 0.8655537784886046,  Val Loss: 0.4121260300278663, BEST ACC:0.8655537784886046
Epoch: 38, Train Acc: 0.8990998999888876,  Train Loss: 0.29643787609206307
Epoch: 38, Val Acc: 0.8634546181527389,  Val Loss: 0.40655770003795627, BEST ACC:0.8655537784886046
Epoch: 39, Train Acc: 0.9011001222358039,  Train Loss: 0.28619273834758335
Epoch: 39, Val Acc: 0.8618552578968413,  Val Loss: 0.4015124499797822, BEST ACC:0.8655537784886046
Epoch: 40, Train Acc: 0.9033225913990444,  Train Loss: 0.28344249063067967
Epoch: 40, Val Acc: 0.8034786085565774,  Val Loss: 0.6418831110000609, BEST ACC:0.8655537784886046
Epoch: 41, Train Acc: 0.9022113568174241,  Train Loss: 0.26484380496872795
Epoch: 41, Val Acc: 0.8312674930027989,  Val Loss: 0.5078200682997703, BEST ACC:0.8655537784886046
Achieved New Best Acc: 0.8951419432227109
Epoch: 42, Train Acc: 0.9019891099011002,  Train Loss: 0.28499253342549
Epoch: 42, Val Acc: 0.8951419432227109,  Val Loss: 0.32228605151176454, BEST ACC:0.8951419432227109
Epoch: 43, Train Acc: 0.9029892210245583,  Train Loss: 0.2688158543573485
Epoch: 43, Val Acc: 0.821671331467413,  Val Loss: 0.5378966853022575, BEST ACC:0.8951419432227109
Epoch: 44, Train Acc: 0.9018779864429382,  Train Loss: 0.2756068640285068
Epoch: 44, Val Acc: 0.8199720111955218,  Val Loss: 0.5910937815904618, BEST ACC:0.8951419432227109
Epoch: 45, Train Acc: 0.9045449494388266,  Train Loss: 0.28099320580561954
Epoch: 45, Val Acc: 0.8198720511795282,  Val Loss: 0.5565246269106865, BEST ACC:0.8951419432227109
Epoch: 46, Train Acc: 0.9056561840204467,  Train Loss: 0.26812050657139885
Epoch: 46, Val Acc: 0.850859656137545,  Val Loss: 0.43894862234592436, BEST ACC:0.8951419432227109
Epoch: 47, Train Acc: 0.9081009001000111,  Train Loss: 0.2581981950336033
Epoch: 47, Val Acc: 0.8314674130347861,  Val Loss: 0.556568194925785, BEST ACC:0.8951419432227109
Epoch: 48, Train Acc: 0.9125458384264918,  Train Loss: 0.24306998319096032
Epoch: 48, Val Acc: 0.87624950019992,  Val Loss: 0.40159961581230164, BEST ACC:0.8951419432227109
Epoch: 49, Train Acc: 0.9062118013112568,  Train Loss: 0.2699112701747152
Epoch: 49, Val Acc: 0.7976809276289484,  Val Loss: 0.6518494993448257, BEST ACC:0.8951419432227109
Epoch: 50, Train Acc: 0.9026558506500723,  Train Loss: 0.274164857963721
Epoch: 50, Val Acc: 0.8743502598960415,  Val Loss: 0.383500687777996, BEST ACC:0.8951419432227109
Epoch: 51, Train Acc: 0.907434159351039,  Train Loss: 0.2573537478844325
Epoch: 51, Val Acc: 0.8736505397840864,  Val Loss: 0.39009320139884957, BEST ACC:0.8951419432227109
Epoch: 52, Train Acc: 0.9078786531836871,  Train Loss: 0.2515850398275587
Epoch: 52, Val Acc: 0.8192722910835666,  Val Loss: 0.598739866912365, BEST ACC:0.8951419432227109
Epoch: 53, Train Acc: 0.9187687520835648,  Train Loss: 0.2336805628405677
Epoch: 53, Val Acc: 0.7296081567373051,  Val Loss: 1.0098236739635469, BEST ACC:0.8951419432227109
Epoch: 54, Train Acc: 0.9158795421713524,  Train Loss: 0.23570221496952903
Epoch: 54, Val Acc: 0.8666533386645342,  Val Loss: 0.4320980668067933, BEST ACC:0.8951419432227109
Epoch: 55, Train Acc: 0.9183242582509168,  Train Loss: 0.23788064966599148
Epoch: 55, Val Acc: 0.8388644542183127,  Val Loss: 0.5169064864516258, BEST ACC:0.8951419432227109
Epoch: 56, Train Acc: 0.9224358262029114,  Train Loss: 0.21854602876636717
Epoch: 56, Val Acc: 0.877249100359856,  Val Loss: 0.36940576732158664, BEST ACC:0.8951419432227109
Epoch: 57, Train Acc: 0.9183242582509168,  Train Loss: 0.2287789053387112
Epoch: 57, Val Acc: 0.802578968412635,  Val Loss: 0.8371811777353289, BEST ACC:0.8951419432227109
Epoch: 58, Train Acc: 0.9203244804978331,  Train Loss: 0.22508350511391959
Epoch: 58, Val Acc: 0.8420631747301079,  Val Loss: 0.5168750628829002, BEST ACC:0.8951419432227109
Epoch: 59, Train Acc: 0.9166574063784865,  Train Loss: 0.23410341971450382
Epoch: 59, Val Acc: 0.8749500199920032,  Val Loss: 0.4044813558459281, BEST ACC:0.8951419432227109
Epoch: 60, Train Acc: 0.9252139126569618,  Train Loss: 0.20590874635510978
Epoch: 60, Val Acc: 0.8107756897241104,  Val Loss: 0.5769748941063882, BEST ACC:0.8951419432227109
Epoch: 61, Train Acc: 0.925769529947772,  Train Loss: 0.21344084458218684
Epoch: 61, Val Acc: 0.759296281487405,  Val Loss: 0.9529701352119445, BEST ACC:0.8951419432227109
Epoch: 62, Train Acc: 0.9223247027447494,  Train Loss: 0.20886984715859094
Epoch: 62, Val Acc: 0.8644542183126749,  Val Loss: 0.4723268643021583, BEST ACC:0.8951419432227109
Epoch: 63, Train Acc: 0.9191021224580509,  Train Loss: 0.2321794769830174
Epoch: 63, Val Acc: 0.8800479808076769,  Val Loss: 0.38938206285238275, BEST ACC:0.8951419432227109
Epoch: 64, Train Acc: 0.9297699744416046,  Train Loss: 0.2076218119925923
Epoch: 64, Val Acc: 0.8775489804078369,  Val Loss: 0.3842175394296646, BEST ACC:0.8951419432227109
Epoch: 65, Train Acc: 0.9238804311590176,  Train Loss: 0.21229733692275152
Epoch: 65, Val Acc: 0.8207716913234706,  Val Loss: 0.7263478100299835, BEST ACC:0.8951419432227109
Epoch: 66, Train Acc: 0.9281031225691744,  Train Loss: 0.20143868277470273
Epoch: 66, Val Acc: 0.8498600559776089,  Val Loss: 0.46841294765472413, BEST ACC:0.8951419432227109
Achieved New Best Acc: 0.9000399840063974
Epoch: 67, Train Acc: 0.9336592954772752,  Train Loss: 0.18299994700484806
Epoch: 67, Val Acc: 0.9000399840063974,  Val Loss: 0.3020411007106304, BEST ACC:0.9000399840063974
Epoch: 68, Train Acc: 0.9373263695966219,  Train Loss: 0.1703452985319826
Epoch: 68, Val Acc: 0.8607556977209116,  Val Loss: 0.42967353314161305, BEST ACC:0.9000399840063974
Epoch: 69, Train Acc: 0.9358817646405156,  Train Loss: 0.17069323857625326
Epoch: 69, Val Acc: 0.8067772890843663,  Val Loss: 0.6907534569501876, BEST ACC:0.9000399840063974
Epoch: 70, Train Acc: 0.9345482831425714,  Train Loss: 0.17951087488068476
Epoch: 70, Val Acc: 0.864954018392643,  Val Loss: 0.41556058675050733, BEST ACC:0.9000399840063974
Epoch: 71, Train Acc: 0.937993110345594,  Train Loss: 0.17219903402858308
Epoch: 71, Val Acc: 0.8900439824070372,  Val Loss: 0.37979658395051963, BEST ACC:0.9000399840063974
Achieved New Best Acc: 0.9145341863254698
Epoch: 72, Train Acc: 0.9369929992221357,  Train Loss: 0.1717374349633853
Epoch: 72, Val Acc: 0.9145341863254698,  Val Loss: 0.27303850278258324, BEST ACC:0.9145341863254698
Epoch: 73, Train Acc: 0.9369929992221357,  Train Loss: 0.1713929929667049
Epoch: 73, Val Acc: 0.8510595761695322,  Val Loss: 0.48803046196699146, BEST ACC:0.9145341863254698
Epoch: 74, Train Acc: 0.9361040115568396,  Train Loss: 0.1785453375842836
Epoch: 74, Val Acc: 0.8639544182327069,  Val Loss: 0.4152843713760376, BEST ACC:0.9145341863254698
Epoch: 75, Train Acc: 0.9372152461384599,  Train Loss: 0.17771793736351862
Epoch: 75, Val Acc: 0.8149740103958416,  Val Loss: 0.8217618316411972, BEST ACC:0.9145341863254698
Epoch: 76, Train Acc: 0.9344371596844093,  Train Loss: 0.19045752369695237
Epoch: 76, Val Acc: 0.8507596961215513,  Val Loss: 0.45853326618671425, BEST ACC:0.9145341863254698
Epoch: 77, Train Acc: 0.9346594066007334,  Train Loss: 0.17928597496615514
Epoch: 77, Val Acc: 0.9095361855257896,  Val Loss: 0.2940917581319809, BEST ACC:0.9145341863254698
Epoch: 78, Train Acc: 0.9357706411823536,  Train Loss: 0.17928424808714127
Epoch: 78, Val Acc: 0.7651939224310276,  Val Loss: 0.8446846336126327, BEST ACC:0.9145341863254698
Epoch: 79, Train Acc: 0.9358817646405156,  Train Loss: 0.1704193606144852
Epoch: 79, Val Acc: 0.8873450619752099,  Val Loss: 0.3468513503670692, BEST ACC:0.9145341863254698
Epoch: 80, Train Acc: 0.9394377153017002,  Train Loss: 0.16350989954339135
Epoch: 80, Val Acc: 0.8769492203118753,  Val Loss: 0.39267841875553133, BEST ACC:0.9145341863254698
Epoch: 81, Train Acc: 0.9367707523058117,  Train Loss: 0.17451385491424137
Epoch: 81, Val Acc: 0.9041383446621352,  Val Loss: 0.30524706542491914, BEST ACC:0.9145341863254698
Epoch: 82, Train Acc: 0.9389932214690521,  Train Loss: 0.16647388454940582
Epoch: 82, Val Acc: 0.8857457017193123,  Val Loss: 0.36584124267101287, BEST ACC:0.9145341863254698
Epoch: 83, Train Acc: 0.9411045671741305,  Train Loss: 0.16145563953452644
Epoch: 83, Val Acc: 0.8077768892443022,  Val Loss: 0.7241945534944534, BEST ACC:0.9145341863254698
Epoch: 84, Train Acc: 0.9458828758750972,  Train Loss: 0.14780612248513433
Epoch: 84, Val Acc: 0.880547780887645,  Val Loss: 0.38403548896312717, BEST ACC:0.9145341863254698
Epoch: 85, Train Acc: 0.950216690743416,  Train Loss: 0.1367490059799618
Epoch: 85, Val Acc: 0.9019392243102758,  Val Loss: 0.3333243638277053, BEST ACC:0.9145341863254698
Epoch: 86, Train Acc: 0.9528836537393044,  Train Loss: 0.1329115302198463
Epoch: 86, Val Acc: 0.8834466213514595,  Val Loss: 0.3747461646795273, BEST ACC:0.9145341863254698
Epoch: 87, Train Acc: 0.9414379375486165,  Train Loss: 0.1563509073522356
Epoch: 87, Val Acc: 0.8549580167932826,  Val Loss: 0.5381677791476249, BEST ACC:0.9145341863254698
Epoch: 88, Train Acc: 0.9388820980108901,  Train Loss: 0.1655515701406532
Epoch: 88, Val Acc: 0.8096761295481807,  Val Loss: 0.6397909373044968, BEST ACC:0.9145341863254698
Epoch: 89, Train Acc: 0.9465496166240693,  Train Loss: 0.1490098068283664
Epoch: 89, Val Acc: 0.8090763694522191,  Val Loss: 0.7784143447875976, BEST ACC:0.9145341863254698
Epoch: 90, Train Acc: 0.9422158017557506,  Train Loss: 0.15861194580793378
Epoch: 90, Val Acc: 0.8765493802479009,  Val Loss: 0.41206626743078234, BEST ACC:0.9145341863254698
Epoch: 91, Train Acc: 0.9478830981220135,  Train Loss: 0.1423037267393536
Epoch: 91, Val Acc: 0.869452219112355,  Val Loss: 0.43390658348798755, BEST ACC:0.9145341863254698
Epoch: 92, Train Acc: 0.9474386042893654,  Train Loss: 0.15149850522478422
Epoch: 92, Val Acc: 0.8960415833666533,  Val Loss: 0.3464092560112476, BEST ACC:0.9145341863254698
Epoch: 93, Train Acc: 0.9459939993332592,  Train Loss: 0.1432872029642264
Epoch: 93, Val Acc: 0.8412634946021591,  Val Loss: 0.5492794945836067, BEST ACC:0.9145341863254698
Epoch: 94, Train Acc: 0.9492165796199578,  Train Loss: 0.1393675766885281
Epoch: 94, Val Acc: 0.865953618552579,  Val Loss: 0.5069797873497008, BEST ACC:0.9145341863254698
Epoch: 95, Train Acc: 0.9519946660740082,  Train Loss: 0.13734556610385576
Epoch: 95, Val Acc: 0.8831467413034786,  Val Loss: 0.36766882389783867, BEST ACC:0.9145341863254698
Epoch: 96, Train Acc: 0.9538837648627625,  Train Loss: 0.12970706696311632
Epoch: 96, Val Acc: 0.9042383046781287,  Val Loss: 0.31623754724860187, BEST ACC:0.9145341863254698
Epoch: 97, Train Acc: 0.956772974774975,  Train Loss: 0.1202382060388724
Epoch: 97, Val Acc: 0.8546581367453019,  Val Loss: 0.5616186380386352, BEST ACC:0.9145341863254698
Epoch: 98, Train Acc: 0.9601066785198356,  Train Loss: 0.11218358783258332
Epoch: 98, Val Acc: 0.8701519392243102,  Val Loss: 0.4324925929307937, BEST ACC:0.9145341863254698
Epoch: 99, Train Acc: 0.9496610734526059,  Train Loss: 0.13821567884749836
Epoch: 99, Val Acc: 0.8358656537385046,  Val Loss: 0.5540061995387077, BEST ACC:0.9145341863254698
Epoch: 100, Train Acc: 0.9464384931659073,  Train Loss: 0.1522361669275496
Epoch: 100, Val Acc: 0.8995401839264294,  Val Loss: 0.32025143802165984, BEST ACC:0.9145341863254698
Epoch: 101, Train Acc: 0.9516612956995222,  Train Loss: 0.13407783210277557
Epoch: 101, Val Acc: 0.9068372650939625,  Val Loss: 0.3209200590848923, BEST ACC:0.9145341863254698
Epoch: 102, Train Acc: 0.9573285920657851,  Train Loss: 0.12180068095525108
Epoch: 102, Val Acc: 0.9041383446621352,  Val Loss: 0.3123011253774166, BEST ACC:0.9145341863254698
Epoch: 103, Train Acc: 0.9518835426158462,  Train Loss: 0.13002372160553932
Epoch: 103, Val Acc: 0.8848460615753698,  Val Loss: 0.38816879540681837, BEST ACC:0.9145341863254698
Epoch: 104, Train Acc: 0.9513279253250361,  Train Loss: 0.13826466020610598
Epoch: 104, Val Acc: 0.8615553778488605,  Val Loss: 0.45096414983272554, BEST ACC:0.9145341863254698
Epoch: 105, Train Acc: 0.9553283698188688,  Train Loss: 0.12086895977457364
Epoch: 105, Val Acc: 0.8809476209516194,  Val Loss: 0.4462521374225617, BEST ACC:0.9145341863254698
Epoch: 106, Train Acc: 0.9528836537393044,  Train Loss: 0.1284080876244439
Epoch: 106, Val Acc: 0.8759496201519392,  Val Loss: 0.3850509762763976, BEST ACC:0.9145341863254698
Epoch: 107, Train Acc: 0.9584398266474052,  Train Loss: 0.11892426593436135
Epoch: 107, Val Acc: 0.9009396241503399,  Val Loss: 0.3343124508857727, BEST ACC:0.9145341863254698
Epoch: 108, Train Acc: 0.9604400488943216,  Train Loss: 0.11108543972174326
Epoch: 108, Val Acc: 0.8818472610955618,  Val Loss: 0.4003892347216606, BEST ACC:0.9145341863254698
Epoch: 109, Train Acc: 0.9578842093565951,  Train Loss: 0.11487214556998676
Epoch: 109, Val Acc: 0.9053378648540584,  Val Loss: 0.31713435128331185, BEST ACC:0.9145341863254698
Epoch: 110, Train Acc: 0.9555506167351928,  Train Loss: 0.1228009983897209
Epoch: 110, Val Acc: 0.8238704518192723,  Val Loss: 0.6014075219631195, BEST ACC:0.9145341863254698
Achieved New Best Acc: 0.9174330267892843
Epoch: 111, Train Acc: 0.9621069007667519,  Train Loss: 0.11027932994895512
Epoch: 111, Val Acc: 0.9174330267892843,  Val Loss: 0.26594917625188824, BEST ACC:0.9174330267892843
Epoch: 112, Train Acc: 0.9511056784087121,  Train Loss: 0.1437613724006547
Epoch: 112, Val Acc: 0.7072171131547381,  Val Loss: 1.3433567702770233, BEST ACC:0.9174330267892843
Epoch: 113, Train Acc: 0.9293254806089566,  Train Loss: 0.19699654893742663
Epoch: 113, Val Acc: 0.8409636145541783,  Val Loss: 0.5731081813573837, BEST ACC:0.9174330267892843
Epoch: 114, Train Acc: 0.9394377153017002,  Train Loss: 0.16723064333200455
Epoch: 114, Val Acc: 0.8306677329068373,  Val Loss: 0.6000490039587022, BEST ACC:0.9174330267892843
Epoch: 115, Train Acc: 0.9561062340260029,  Train Loss: 0.1236757677462366
Epoch: 115, Val Acc: 0.8857457017193123,  Val Loss: 0.39769295454025266, BEST ACC:0.9174330267892843
Epoch: 116, Train Acc: 0.9535503944882765,  Train Loss: 0.11978768391741647
Epoch: 116, Val Acc: 0.8406637345061975,  Val Loss: 0.5789916336536407, BEST ACC:0.9174330267892843
Epoch: 117, Train Acc: 0.9534392710301145,  Train Loss: 0.12532881564564174
Epoch: 117, Val Acc: 0.8990403838464615,  Val Loss: 0.31360610798001287, BEST ACC:0.9174330267892843
Epoch: 118, Train Acc: 0.9576619624402711,  Train Loss: 0.11612521608670553
Epoch: 118, Val Acc: 0.8889444222311076,  Val Loss: 0.3604808554053307, BEST ACC:0.9174330267892843
Epoch: 119, Train Acc: 0.9576619624402711,  Train Loss: 0.11081842457254729
Epoch: 119, Val Acc: 0.7914834066373451,  Val Loss: 1.004617765545845, BEST ACC:0.9174330267892843
Achieved New Best Acc: 0.9182327069172331
Epoch: 120, Train Acc: 0.9617735303922658,  Train Loss: 0.10536060068342422
Epoch: 120, Val Acc: 0.9182327069172331,  Val Loss: 0.27290089428424835, BEST ACC:0.9182327069172331
Epoch: 121, Train Acc: 0.9614401600177798,  Train Loss: 0.10714411238829294
Epoch: 121, Val Acc: 0.8229708116753298,  Val Loss: 0.6205911606550216, BEST ACC:0.9182327069172331
Epoch: 122, Train Acc: 0.9618846538504279,  Train Loss: 0.10729544568392965
Epoch: 122, Val Acc: 0.8234706117552979,  Val Loss: 0.7014198482036591, BEST ACC:0.9182327069172331
Epoch: 123, Train Acc: 0.9605511723524837,  Train Loss: 0.10679647078116734
Epoch: 123, Val Acc: 0.8740503798480608,  Val Loss: 0.4371777221560478, BEST ACC:0.9182327069172331
Epoch: 124, Train Acc: 0.9579953328147572,  Train Loss: 0.11364904128842883
Epoch: 124, Val Acc: 0.9041383446621352,  Val Loss: 0.31062822788953787, BEST ACC:0.9182327069172331
Epoch: 125, Train Acc: 0.9609956661851317,  Train Loss: 0.10776052210066055
Epoch: 125, Val Acc: 0.8721511395441823,  Val Loss: 0.47199091911315927, BEST ACC:0.9182327069172331
Epoch: 126, Train Acc: 0.962884764973886,  Train Loss: 0.10345448636346392
Epoch: 126, Val Acc: 0.8635545781687325,  Val Loss: 0.4660371720790864, BEST ACC:0.9182327069172331
Achieved New Best Acc: 0.9287285085965614
Epoch: 127, Train Acc: 0.9664407156350706,  Train Loss: 0.09312753213776483
Epoch: 127, Val Acc: 0.9287285085965614,  Val Loss: 0.25836675241589546, BEST ACC:0.9287285085965614
Epoch: 128, Train Acc: 0.9624402711412379,  Train Loss: 0.10807626114951238
Epoch: 128, Val Acc: 0.8734506197520991,  Val Loss: 0.4527954593300819, BEST ACC:0.9287285085965614
Epoch: 129, Train Acc: 0.9593288143127015,  Train Loss: 0.11425423953268264
Epoch: 129, Val Acc: 0.8941423430627748,  Val Loss: 0.3662598118185997, BEST ACC:0.9287285085965614
Epoch: 130, Train Acc: 0.9645516168463163,  Train Loss: 0.09570267630947961
Epoch: 130, Val Acc: 0.9154338264694122,  Val Loss: 0.27248990982770915, BEST ACC:0.9287285085965614
Epoch: 131, Train Acc: 0.9647738637626403,  Train Loss: 0.09804400470521715
Epoch: 131, Val Acc: 0.8135745701719312,  Val Loss: 0.9950315356254579, BEST ACC:0.9287285085965614
Epoch: 132, Train Acc: 0.9653294810534504,  Train Loss: 0.09770690153042476
Epoch: 132, Val Acc: 0.9010395841663335,  Val Loss: 0.33260544389486313, BEST ACC:0.9287285085965614
Epoch: 133, Train Acc: 0.9644404933881542,  Train Loss: 0.09988555312156679
Epoch: 133, Val Acc: 0.9174330267892843,  Val Loss: 0.2623796612024307, BEST ACC:0.9287285085965614
Epoch: 134, Train Acc: 0.9657739748860985,  Train Loss: 0.09621342892448106
Epoch: 134, Val Acc: 0.8832467013194722,  Val Loss: 0.43296282887458803, BEST ACC:0.9287285085965614
Epoch: 135, Train Acc: 0.9652183575952884,  Train Loss: 0.09139483918746313
Epoch: 135, Val Acc: 0.9224310275889644,  Val Loss: 0.2696265764534474, BEST ACC:0.9287285085965614
Epoch: 136, Train Acc: 0.9644404933881542,  Train Loss: 0.09338422906067637
Epoch: 136, Val Acc: 0.9136345461815274,  Val Loss: 0.3090182408690452, BEST ACC:0.9287285085965614
Epoch: 137, Train Acc: 0.9554394932770308,  Train Loss: 0.12037568332420456
Epoch: 137, Val Acc: 0.8806477409036385,  Val Loss: 0.4095468372106552, BEST ACC:0.9287285085965614
Epoch: 138, Train Acc: 0.9545505056117346,  Train Loss: 0.1289515963031186
Epoch: 138, Val Acc: 0.9045381847261096,  Val Loss: 0.31079808324575425, BEST ACC:0.9287285085965614
Epoch: 139, Train Acc: 0.9676630736748527,  Train Loss: 0.09300065475205581
Epoch: 139, Val Acc: 0.9229308276689324,  Val Loss: 0.24287537634372713, BEST ACC:0.9287285085965614
Epoch: 140, Train Acc: 0.9711079008778754,  Train Loss: 0.08050954528152941
Epoch: 140, Val Acc: 0.9184326269492203,  Val Loss: 0.2873124159872532, BEST ACC:0.9287285085965614
Epoch: 141, Train Acc: 0.9714412712523613,  Train Loss: 0.08405854739248754
Epoch: 141, Val Acc: 0.8087764894042383,  Val Loss: 0.7552280008792877, BEST ACC:0.9287285085965614
Epoch: 142, Train Acc: 0.9687743082564729,  Train Loss: 0.08753809394935766
Epoch: 142, Val Acc: 0.9120351859256297,  Val Loss: 0.3100402556359767, BEST ACC:0.9287285085965614
Epoch: 143, Train Acc: 0.9685520613401489,  Train Loss: 0.08648537554674678
Epoch: 143, Val Acc: 0.8405637744902039,  Val Loss: 0.7764881581068038, BEST ACC:0.9287285085965614
Epoch: 144, Train Acc: 0.9687743082564729,  Train Loss: 0.08891665273242524
Epoch: 144, Val Acc: 0.9100359856057577,  Val Loss: 0.32652510851621624, BEST ACC:0.9287285085965614
Epoch: 145, Train Acc: 0.969441049005445,  Train Loss: 0.08862258680164814
Epoch: 145, Val Acc: 0.9165333866453419,  Val Loss: 0.2735793374478817, BEST ACC:0.9287285085965614
Epoch: 146, Train Acc: 0.9723302589176576,  Train Loss: 0.08418315152327221
Epoch: 146, Val Acc: 0.9104358256697321,  Val Loss: 0.3181707099080085, BEST ACC:0.9287285085965614
Epoch: 147, Train Acc: 0.9651072341371264,  Train Loss: 0.09688893746998575
Epoch: 147, Val Acc: 0.8914434226309477,  Val Loss: 0.4162876680493355, BEST ACC:0.9287285085965614
Epoch: 148, Train Acc: 0.9658850983442605,  Train Loss: 0.09334697677857347
Epoch: 148, Val Acc: 0.8879448220711715,  Val Loss: 0.4031413123011589, BEST ACC:0.9287285085965614
Epoch: 149, Train Acc: 0.9653294810534504,  Train Loss: 0.0955685091515382
Epoch: 149, Val Acc: 0.9223310675729708,  Val Loss: 0.26452218294143676, BEST ACC:0.9287285085965614
Epoch: 150, Train Acc: 0.969441049005445,  Train Loss: 0.08974145601193109
Epoch: 150, Val Acc: 0.9083366653338665,  Val Loss: 0.33247757107019427, BEST ACC:0.9287285085965614
Epoch: 151, Train Acc: 0.9706634070452272,  Train Loss: 0.08051910003026327
Epoch: 151, Val Acc: 0.8524590163934426,  Val Loss: 0.5904290258884429, BEST ACC:0.9287285085965614
Epoch: 152, Train Acc: 0.969329925547283,  Train Loss: 0.0862784418794844
Epoch: 152, Val Acc: 0.9118352658936425,  Val Loss: 0.31747376769781116, BEST ACC:0.9287285085965614
Epoch: 153, Train Acc: 0.9664407156350706,  Train Loss: 0.09342188470893434
Epoch: 153, Val Acc: 0.9227309076369452,  Val Loss: 0.2727137304842472, BEST ACC:0.9287285085965614
Epoch: 154, Train Acc: 0.969663295921769,  Train Loss: 0.08755013263887829
Epoch: 154, Val Acc: 0.8396641343462615,  Val Loss: 0.6578126490116121, BEST ACC:0.9287285085965614
Epoch: 155, Train Acc: 0.969552172463607,  Train Loss: 0.0845662055330144
Epoch: 155, Val Acc: 0.914234306277489,  Val Loss: 0.3036842212080956, BEST ACC:0.9287285085965614
Epoch: 156, Train Acc: 0.9675519502166907,  Train Loss: 0.09391634807818466
Epoch: 156, Val Acc: 0.9079368252698921,  Val Loss: 0.33633124083280563, BEST ACC:0.9287285085965614
Epoch: 157, Train Acc: 0.9716635181686855,  Train Loss: 0.07830031236840618
Epoch: 157, Val Acc: 0.8629548180727709,  Val Loss: 0.48495439291000375, BEST ACC:0.9287285085965614
Epoch: 158, Train Acc: 0.9707745305033892,  Train Loss: 0.08589558324052228
Epoch: 158, Val Acc: 0.8022790883646541,  Val Loss: 0.7992389112710953, BEST ACC:0.9287285085965614
Epoch: 159, Train Acc: 0.9725525058339816,  Train Loss: 0.07416697467366855
Epoch: 159, Val Acc: 0.9170331867253099,  Val Loss: 0.3036228001117706, BEST ACC:0.9287285085965614
Epoch: 160, Train Acc: 0.9739971107900878,  Train Loss: 0.07415953050884935
Epoch: 160, Val Acc: 0.9138344662135146,  Val Loss: 0.31209132075309753, BEST ACC:0.9287285085965614
Epoch: 161, Train Acc: 0.974997221913546,  Train Loss: 0.0720389833052953
Epoch: 161, Val Acc: 0.8689524190323871,  Val Loss: 0.5255989998579026, BEST ACC:0.9287285085965614
Epoch: 162, Train Acc: 0.97521946882987,  Train Loss: 0.06500524323847559
Epoch: 162, Val Acc: 0.9161335465813675,  Val Loss: 0.29253781065344814, BEST ACC:0.9287285085965614
Epoch: 163, Train Acc: 0.9725525058339816,  Train Loss: 0.07586215146713787
Epoch: 163, Val Acc: 0.8473610555777689,  Val Loss: 0.69853872358799, BEST ACC:0.9287285085965614
Epoch: 164, Train Acc: 0.9733303700411157,  Train Loss: 0.0699303371624814
Epoch: 164, Val Acc: 0.8548580567772891,  Val Loss: 0.7702446490526199, BEST ACC:0.9287285085965614
Epoch: 165, Train Acc: 0.9734414934992777,  Train Loss: 0.07547485911183886
Epoch: 165, Val Acc: 0.9256297481007597,  Val Loss: 0.2664891131222248, BEST ACC:0.9287285085965614
Epoch: 166, Train Acc: 0.975441715746194,  Train Loss: 0.06659743044939305
Epoch: 166, Val Acc: 0.9145341863254698,  Val Loss: 0.2890057966113091, BEST ACC:0.9287285085965614
Epoch: 167, Train Acc: 0.9771085676186243,  Train Loss: 0.06542270754774411
Epoch: 167, Val Acc: 0.8700519792083167,  Val Loss: 0.6282166361808776, BEST ACC:0.9287285085965614
Epoch: 168, Train Acc: 0.9746638515390599,  Train Loss: 0.07269170942405859
Epoch: 168, Val Acc: 0.8939424230307876,  Val Loss: 0.37571227103471755, BEST ACC:0.9287285085965614
Epoch: 169, Train Acc: 0.9739971107900878,  Train Loss: 0.07069472596049309
Epoch: 169, Val Acc: 0.8874450219912036,  Val Loss: 0.38394309729337683, BEST ACC:0.9287285085965614
Epoch: 170, Train Acc: 0.9739971107900878,  Train Loss: 0.07697659358382225
Epoch: 170, Val Acc: 0.8809476209516194,  Val Loss: 0.45709575712680817, BEST ACC:0.9287285085965614
Epoch: 171, Train Acc: 0.9739971107900878,  Train Loss: 0.07345268213086659
Epoch: 171, Val Acc: 0.9041383446621352,  Val Loss: 0.3555668473243714, BEST ACC:0.9287285085965614
Epoch: 172, Train Acc: 0.9741082342482498,  Train Loss: 0.06993970750934547
Epoch: 172, Val Acc: 0.9259296281487405,  Val Loss: 0.25345848202705384, BEST ACC:0.9287285085965614
Epoch: 173, Train Acc: 0.9734414934992777,  Train Loss: 0.07367110169596142
Epoch: 173, Val Acc: 0.8759496201519392,  Val Loss: 0.44152633398771285, BEST ACC:0.9287285085965614
Epoch: 174, Train Acc: 0.9715523947105233,  Train Loss: 0.07136383921735816
Epoch: 174, Val Acc: 0.9221311475409836,  Val Loss: 0.27757600843906405, BEST ACC:0.9287285085965614
Epoch: 175, Train Acc: 0.9765529503278142,  Train Loss: 0.07068956995175944
Epoch: 175, Val Acc: 0.9188324670131948,  Val Loss: 0.30316373109817507, BEST ACC:0.9287285085965614
Epoch: 176, Train Acc: 0.9744416046227359,  Train Loss: 0.06835634840859307
Epoch: 176, Val Acc: 0.8980407836865254,  Val Loss: 0.39620300680398945, BEST ACC:0.9287285085965614
Epoch: 177, Train Acc: 0.9746638515390599,  Train Loss: 0.06381013658311631
Epoch: 177, Val Acc: 0.9088364654138344,  Val Loss: 0.3240058116614818, BEST ACC:0.9287285085965614
Achieved New Best Acc: 0.9309276289484206
Epoch: 178, Train Acc: 0.9745527280808979,  Train Loss: 0.07151925894949172
Epoch: 178, Val Acc: 0.9309276289484206,  Val Loss: 0.2567155316472053, BEST ACC:0.9309276289484206
Epoch: 179, Train Acc: 0.9779975552839204,  Train Loss: 0.06599415362709098
Epoch: 179, Val Acc: 0.911235505797681,  Val Loss: 0.34348018467426294, BEST ACC:0.9309276289484206
Epoch: 180, Train Acc: 0.9785531725747305,  Train Loss: 0.06426105462014675
Epoch: 180, Val Acc: 0.9194322271091563,  Val Loss: 0.28663476854562764, BEST ACC:0.9309276289484206
Epoch: 181, Train Acc: 0.9739971107900878,  Train Loss: 0.07260221304992835
Epoch: 181, Val Acc: 0.9180327868852459,  Val Loss: 0.2960340201854706, BEST ACC:0.9309276289484206
Epoch: 182, Train Acc: 0.9759973330370041,  Train Loss: 0.06740353960129951
Epoch: 182, Val Acc: 0.8544582167133147,  Val Loss: 0.685445550084114, BEST ACC:0.9309276289484206
Epoch: 183, Train Acc: 0.9778864318257584,  Train Loss: 0.0630402983062797
Epoch: 183, Val Acc: 0.9178328668532587,  Val Loss: 0.29722119271755215, BEST ACC:0.9309276289484206
Epoch: 184, Train Acc: 0.9811090121124569,  Train Loss: 0.05582791328844097
Epoch: 184, Val Acc: 0.9172331067572971,  Val Loss: 0.3112293660640717, BEST ACC:0.9309276289484206
Epoch: 185, Train Acc: 0.9808867651961329,  Train Loss: 0.0560993580147624
Epoch: 185, Val Acc: 0.8728508596561375,  Val Loss: 0.5115888342261314, BEST ACC:0.9309276289484206
Epoch: 186, Train Acc: 0.97521946882987,  Train Loss: 0.06853435840457678
Epoch: 186, Val Acc: 0.9066373450619752,  Val Loss: 0.348471799492836, BEST ACC:0.9309276289484206
Achieved New Best Acc: 0.9327269092363055
Epoch: 187, Train Acc: 0.9757750861206801,  Train Loss: 0.06734950840473176
Epoch: 187, Val Acc: 0.9327269092363055,  Val Loss: 0.24214363619685172, BEST ACC:0.9327269092363055
Epoch: 188, Train Acc: 0.9776641849094344,  Train Loss: 0.06611625953680939
Epoch: 188, Val Acc: 0.9319272291083567,  Val Loss: 0.2316127888858318, BEST ACC:0.9327269092363055
Epoch: 189, Train Acc: 0.9808867651961329,  Train Loss: 0.053920338344242834
Epoch: 189, Val Acc: 0.9218312674930028,  Val Loss: 0.313043137639761, BEST ACC:0.9327269092363055
Epoch: 190, Train Acc: 0.9789976664073786,  Train Loss: 0.056215214646524854
Epoch: 190, Val Acc: 0.9281287485005998,  Val Loss: 0.2524037204682827, BEST ACC:0.9327269092363055
Epoch: 191, Train Acc: 0.981664629403267,  Train Loss: 0.05052483423302571
Epoch: 191, Val Acc: 0.8632546981207517,  Val Loss: 0.701092505455017, BEST ACC:0.9327269092363055
Epoch: 192, Train Acc: 0.981553505945105,  Train Loss: 0.052668829655481704
Epoch: 192, Val Acc: 0.9149340263894442,  Val Loss: 0.31442321762442593, BEST ACC:0.9327269092363055
Epoch: 193, Train Acc: 0.9788865429492166,  Train Loss: 0.057532965309090085
Epoch: 193, Val Acc: 0.9134346261495402,  Val Loss: 0.35180156081914893, BEST ACC:0.9327269092363055
Epoch: 194, Train Acc: 0.9768863207023003,  Train Loss: 0.0658857858636313
Epoch: 194, Val Acc: 0.9118352658936425,  Val Loss: 0.3433437511324883, BEST ACC:0.9327269092363055
Epoch: 195, Train Acc: 0.9764418268696522,  Train Loss: 0.0645331767284208
Epoch: 195, Val Acc: 0.890343862455018,  Val Loss: 0.4290506660938263, BEST ACC:0.9327269092363055
Epoch: 196, Train Acc: 0.9792199133237026,  Train Loss: 0.05697681609955099
Epoch: 196, Val Acc: 0.9306277489004399,  Val Loss: 0.24836291149258613, BEST ACC:0.9327269092363055
Epoch: 197, Train Acc: 0.981997999777753,  Train Loss: 0.048779329698946744
Epoch: 197, Val Acc: 0.9181327469012395,  Val Loss: 0.31409587785601617, BEST ACC:0.9327269092363055
Epoch: 198, Train Acc: 0.9823313701522391,  Train Loss: 0.04872883069846364
Epoch: 198, Val Acc: 0.9316273490603758,  Val Loss: 0.25076580122113235, BEST ACC:0.9327269092363055
Epoch: 199, Train Acc: 0.9827758639848873,  Train Loss: 0.05018293619569806
Epoch: 199, Val Acc: 0.9165333866453419,  Val Loss: 0.30291624888777735, BEST ACC:0.9327269092363055
Test Accuracy: 0.7752089136490251, Test Loss:1.015328965584437
