Current Config: LR = 1e-05  WD = 0 Acc:0.27019192323070773 Loss: 1.9714984893798828 
Current Config: LR = 1e-05  WD = 1e-06 Acc:0.27558976409436226 Loss: 1.946471834182739 
Current Config: LR = 1e-05  WD = 1e-05 Acc:0.2803878448620552 Loss: 1.9486624956130982 
Current Config: LR = 1e-05  WD = 0.0001 Acc:0.24310275889644142 Loss: 2.0076656222343443 
Current Config: LR = 0.0001  WD = 0 Acc:0.5031987205117953 Loss: 1.3297873854637146 
Current Config: LR = 0.0001  WD = 1e-06 Acc:0.5159936025589764 Loss: 1.2871093451976778 
Current Config: LR = 0.0001  WD = 1e-05 Acc:0.5097960815673731 Loss: 1.3049273788928986 
Current Config: LR = 0.0001  WD = 0.0001 Acc:0.5339864054378248 Loss: 1.2688328564167022 
Current Config: LR = 0.005  WD = 0 Acc:0.8006797281087565 Loss: 0.5451514646410942 
Current Config: LR = 0.005  WD = 1e-06 Acc:0.7868852459016393 Loss: 0.5698431611061096 
Current Config: LR = 0.005  WD = 1e-05 Acc:0.7779888044782087 Loss: 0.5969507068395613 
Current Config: LR = 0.005  WD = 0.0001 Acc:0.790483806477409 Loss: 0.5739660292863845 
Current Config: LR = 0.001  WD = 0 Acc:0.7014194322271091 Loss: 0.7906514704227446 
Current Config: LR = 0.001  WD = 1e-06 Acc:0.7042183126749301 Loss: 0.7907670944929123 
Current Config: LR = 0.001  WD = 1e-05 Acc:0.7137145141943223 Loss: 0.7669292807579041 
Current Config: LR = 0.001  WD = 0.0001 Acc:0.7213114754098361 Loss: 0.7441225916147233 
Current Config: LR = 0.05  WD = 0 Acc:0.7966813274690124 Loss: 0.5744389027357102 
Current Config: LR = 0.05  WD = 1e-06 Acc:0.7862854858056777 Loss: 0.589012610912323 
Current Config: LR = 0.05  WD = 1e-05 Acc:0.8156737305077969 Loss: 0.5032911464571953 
Current Config: LR = 0.05  WD = 0.0001 Acc:0.7818872451019592 Loss: 0.6166548550128939 
Current Config: LR = 0.01  WD = 0 Acc:0.8093762495001999 Loss: 0.5268148139119148 
Current Config: LR = 0.01  WD = 1e-06 Acc:0.8109756097560976 Loss: 0.5285241276025772 
Current Config: LR = 0.01  WD = 1e-05 Acc:0.7929828068772491 Loss: 0.5624141946434974 
Current Config: LR = 0.01  WD = 0.0001 Acc:0.7958816473410636 Loss: 0.5709809184074401 
